[www.hansaton.at/index.html]
[backblue.gif]
[fade.gif]
[index.html]
[www.hansaton.at/Sonova/css/main-hansaton.min.css]
[cdn.cookielaw.org/consent/ae21900b-08ed-41c7-a0bc-afcaaca1aa36/OtAutoBlock.js]
[cdn.cookielaw.org/scripttemplates/otSDKStub.js]
[s7.addthis.com/js/300/addthis_widget.js]
[www.hansaton.at/WebResourcec6ba.js]
[www.hansaton.at/CMSPages/WebServiceCall2bfa.js]
[www.hansaton.at/ScriptResource58d1.js]
[www.hansaton.at/ScriptResource602b.js]
[www.hansaton.at/CMSScripts/Sonova/predictive-search.min.js]
[sonova-retail-media-prd.azureedge.net/media-new/ml/sonova.hansaton-at/bilder/logos/logo-hansaton-2021.png]
[www.hansaton.at/terminvereinbarung/index.html]
[www.hansaton.at/ab-wann-brauche-ich-ein-hoergeraet/index.html]
[www.hansaton.at/ab-wann-hoergeraete/wie-funktioniert-das-gehoer/index.html]
[www.hansaton.at/ab-wann-hoergeraete/ursachen-arten-grade-hoerverlust/index.html]
[sonova-retail-media-prd.azureedge.net/media-new/ml/sonova.hansaton-at/hansaton/00-general/01-startseite/header-herr-mit-laptop_600x600.jpg]
[www.hansaton.at/ab-wann-hoergeraete/online-hoertest/index.html]
[www.hansaton.at/ab-wann-hoergeraete/wie-funktionieren-hoergeraete/index.html]
[www.hansaton.at/ab-wann-hoergeraete/hoergeraete-anzahl/index.html]
[www.hansaton.at/beratung/ab-wann-brauche-ich-ein-hoergeraet/alle-artikel/index.html]
[sonova-retail-media-prd.azureedge.net/media-new/ml/sonova.hansaton-at/bilder/slider/hansaton-paradise-kampagne-mobile.jpg]
[www.hansaton.at/welches-hoergeraet-ist-das-beste-fuer-mich/index.html]
[www.hansaton.at/hoergeraet-auswahl/der-erste-hoermess-termin/index.html]
[www.hansaton.at/hoergeraet-auswahl/hoertest/index.html]
[www.hansaton.at/hoergeraet-auswahl/hoergeraete-arten/index.html]
[www.hansaton.at/hoergeraet-auswahl/hoergeraete-preise/index.html]
[www.hansaton.at/hoergeraet-auswahl/wie-viel-zahlt-die-krankenkasse-fuer-hoergeraete/index.html]
[www.hansaton.at/hoergeraet-auswahl/hoergeraet-kaufen/index.html]
[www.hansaton.at/hoergeraet-auswahl/kinder-hoergeraete/index.html]
[www.hansaton.at/beratung/welches-hoergeraet-ist-das-beste-fuer-mich/mehr-artikel/index.html]
[www.hansaton.at/mein-neues-leben-mit-hoergeraeten/index.html]
[www.hansaton.at/leben-mit-hoergeraeten/fragen-nach-dem-hoergerate-kauf/index.html]
[www.hansaton.at/leben-mit-hoergeraeten/reinigung-pflege/index.html]
[www.hansaton.at/leben-mit-hoergeraeten/reisen-mit-hoergeraet/index.html]
[www.hansaton.at/leben-mit-hoergeraeten/hoergeraete-test-probephase/index.html]
[www.hansaton.at/leben-mit-hoergeraeten/fehlerbehebung-hoergeraete/index.html]
[sonova-retail-media-prd.azureedge.net/media-new/ml/sonova.hansaton-at/bilder/kampagnen/world-of-hearing/aussen-woh.jpg]
[www.hansaton.at/leben-mit-hoergeraeten/hoerfreunde/index.html]
[www.hansaton.at/hoer-geschichten/index.html]
[www.hansaton.at/hoer-geschichten/elke-rieser/index.html]
[www.hansaton.at/hoer-geschichten/nicole-baier/index.html]
[www.hansaton.at/hoer-geschichten/arnulf-rainer/index.html]
[www.hansaton.at/hoer-geschichten/sebastian-fehr/index.html]
[www.hansaton.at/hoer-geschichten/dolores-schmidinger/index.html]
[www.hansaton.at/hoer-geschichten/ruperta-preu/index.html]
[www.hansaton.at/hoergeraete/index.html]
[www.hansaton.at/hoergeraete/hoergeraete-kaufen/index.html]
[www.hansaton.at/produkte/hoergerate/hoergeraete-mit-akku/index.html]
[www.hansaton.at/hoergeraete/bluetooth-hoergeraete/index.html]
[www.hansaton.at/hoergeraete/unsichtbare-hoergeraete/index.html]
[www.hansaton.at/getattachment/sonova-(2).png]
[www.hansaton.at/produkte/hoergerate/alle-artikel/index.html]
[www.hansaton.at/ueber-cochlea-implantate/index.html]
[www.hansaton.at/cochlea-implantate/index.html]
[www.hansaton.at/cochlea-implantate/ansprechpartner/index.html]
[www.hansaton.at/gehoerschutz/index.html]
[www.hansaton.at/getmedia/39699c2c-a15d-443f-ba1e-6aab48f6381e/heartheworld73b8.png]
[www.hansaton.at/gehoerschutz/gehoerschutz-jagd/index.html]
[www.hansaton.at/gehoerschutz/gehoerschutz-zum-fliegen/index.html]
[www.hansaton.at/gehoerschutz/wasser-und-schwimmschutz/index.html]
[www.hansaton.at/gehoerschutz/ohrstoepsel-zum-schlafen/index.html]
[sonova-retail-media-prd.azureedge.net/media-new/ml/sonova.hansaton-at/hansaton/footer/guetesiegel-meisterbetrieb.png]
[www.hansaton.at/gehoerschutz/kinder-babys/index.html]
[www.hansaton.at/gehoerschutz/gehoerschutz-fuers-motorradfahren/index.html]
[www.hansaton.at/hoergerate-batterien-zubehoer/index.html]
[www.hansaton.at/hoergerate-batterien-zubehoer/hoergeraete-batterien/index.html]
[www.hansaton.at/hoergerate-batterien-zubehoer/hoergeraete-zubehoer/index.html]
[sonova-retail-media-prd.azureedge.net/media-new/ml/sonova.hansaton-at/bilder/siegel/siegel-branchenchampion-hoergeraeteakustiker-1-platz.jpg]
[www.hansaton.at/produkte/hoergerate-batterien-zubehoer/hoergeraete-reinigung-pflege/index.html]
[www.hansaton.at/hoergerate-batterien-zubehoer/spezialprodukte/index.html]
[www.hansaton.at/rund-um-das-gehoer/index.html]
[www.hansaton.at/CMSScripts/Sonova/core.min.js]
[www.hansaton.at/rund-um-das-gehoer/das-menschliche-ohr/index.html]
[www.hansaton.at/rund-um-das-gehoer/hyperakusis/index.html]
[www.hansaton.at/CMSScripts/Sonova/lazysizes.min.js]
[www.hansaton.at/rund-um-das-gehoer/weisses-rauschen/index.html]
[www.hansaton.at/rund-um-das-gehoer/phonophobie-und-misophonie/index.html]
[www.hansaton.at/rund-um-das-gehoer/mittelohrentzuendungen/index.html]
[www.hansaton.at/CMSScripts/Sonova/main.js]
[www.hansaton.at/rund-um-das-gehoer/menschliches-hoervermoegen-im-vergleich/index.html]
[www.hansaton.at/hoerverlust-symptome-therapien/index.html]
[www.hansaton.at/CMSScripts/Sonova/ebooking-iframe-integration/ebooking-iframe-integration.js]
[www.hansaton.at/hoerverlust-symptome-therapien/paukenerguss/index.html]
[www.hansaton.at/hoerverlust-symptome-therapien/hoersturz/index.html]
[www.hansaton.at/hoerverlust-symptome-therapien/tinnitus-symptome-ursachen/index.html]
[www.hansaton.at/hoerverlust-symptome-therapien/aktivitaeten-gehoer-verbessern/index.html]
[www.hansaton.at/hoerverlust-symptome-therapien/tinnitus-behandlung-vorbeugung/index.html]
[www.hansaton.at/hoerverlust-symptome-therapien/ploetzlich-auftretendes-dumpfes-gefuehl-im-ohr/index.html]
[www.hansaton.at/CMSScripts/Sonova/schoonenberg/schoonenberg-bot-search.js]
[www.hansaton.at/wissenswertes-tipps/index.html]
[www.hansaton.at/hoerverlust-symptome-therapien/alle-artikel/index.html]
[www.hansaton.at/wissenswertes-tipps/lautstaerke-dezibel/index.html]
[www.hansaton.at/wissenswertes-tipps/hno-arzt/index.html]
[www.hansaton.at/Sonova/css/animations-big.min.css]
[www.hansaton.at/wissenswertes-tipps/ohrkerzen-und-ihre-gefahren/index.html]
[www.hansaton.at/wissenswertes-tipps/hausmittel-gegen-ohrenschmerzen/index.html]
[www.hansaton.at/wissenswertes-tipps/ohren-reinigen-und-spuelen/index.html]
[www.hansaton.at/ratgeber/wissenswertes-und-tipps/10-gruende-fuer-rote-heisse-ohren/index.html]
[www.hansaton.at/WebResource54e7.html]
[www.hansaton.at/index.html]
[www.hansaton.at/ratgeber/wissenswertes-und-tipps/die-besten-kopfhoerer-mit-geraeuschunterdrueckung/index.html]
[www.hansaton.at/wissenswertes-tipps/alle-artikel/index.html]
[www.hansaton.at/Sonova/css/main-hansaton.min.css]
[www.hansaton.at/world-of-hearing/index.html]
[standorte.hansaton.at/permanent-b0b701/standorte.hansaton.at/cityList/de_AT.4468db24.21.delayed]
[www.hansaton.at/world-of-hearing/hoererlebnisraum/index.html]
[www.hansaton.at/unternehmen/ueber-hansaton/index.html]
[www.hansaton.at/world-of-hearing/hoerstudio/index.html]
[assets.ub-analytics.com/sp-2.14.0.js]
[d34qb8suadcc4g.cloudfront.net/sp-2.14.0.js]
[www.hansaton.at/news/index.html]
[www.hansaton.at/presse/index.html]
[www.hansaton.at/produkte/hoergerate/warum-hansaton-unsere-services/index.html]
[c.bing.com/c.gif]
[www.hansaton.at/karriere/offene-stellen/index.html]
[www.hansaton.at/karriere/ausbildung/index.html]
[www.hansaton.at/karriere/weiterentwicklung-karriere/index.html]
[script.hotjar.com/modules.1ac7747ae91d905f6b1c.js]
[www.hansaton.at/kontakt/index.html]
[www.hansaton.at/termin/index.html]
[www.hansaton.at/karriere/datenschutz-bewerbungen/index.html]
[www.hansaton.at/corona-massnahmen/index.html]
[www.hansaton.at/remote-support/index.html]
[standorte.hansaton.at/permanent-b0b701/standorte.hansaton.at/search/de_AT.75318abd.26.delayed]
[www.hansaton.at/einklang-magazin/index.html]
[script.hotjar.com/modules.5d7b003bea9773742697.js]
[www.hansaton.at/hoergeraete/im-ohr/index.html]
[www.hansaton.at/hoergeraete/receiver-in-canal/index.html]
[standorte.hansaton.at/permanent-b0b701/standorte.hansaton.at/location/de_AT.3876c65b.28.delayed]
[www.hansaton.at/retoure/index.html]
[www.hansaton.at/faq/index.html]
[sleeknotestaticcontent.sleeknote.com/core-c.js]
[www.hansaton.at/allgemeine-geschaeftsbedingungen/index.html]
[www.hansaton.at/karriere/index.html]
[www.hansaton.at/widerrufsrecht/index.html]
[staticw2.yotpo.com/u8ZkoeE8uVF90dwX665xX8pQBOmaalMb0DgpcvT3/widget.js]
[www.hansaton.at/altgeraete-und-batterieentsorgung/index.html]
[www.hansaton.at/newsletter/index.html]
[script.hotjar.com/modules.d8d7274ca9da6876e8ea.js]
[www.hansaton.at/newsletter-abmelden/index.html]
[www.hansaton.at/impressum/index.html]
[www.hansaton.at/datenschutzerklaerung/index.html]
[www.hansaton.at/cookies/index.html]
[standorte.hansaton.at/permanent-b0b701/standorte.hansaton.at/cityList/de_AT.2e2da57f.2c.delayed]
[standorte.hansaton.at/permanent-b0b701/standorte.hansaton.at/location/de_AT.9fcd30b7.js]
[www.google-analytics.com/analytics.js]
[standorte.hansaton.at/permanent-b0b701/standorte.hansaton.at/location/de_AT.4b18d778.js]
[az416426.vo.msecnd.net/scripts/a/ai.0.js]
[sites.yext.com/270292-reviews.js]
[standorte.hansaton.at/permanent-b0b701/standorte.hansaton.at/cityList/de_AT.99b92c2f.js]
[bat.bing.com/bat.js]
[www.google-analytics.com/plugins/ua/ec.js]
[standorte.hansaton.at/permanent-b0b701/standorte.hansaton.at/search/de_AT.cd7d2fd1.js]
[standorte.hansaton.at/permanent-b0b701/standorte.hansaton.at/search/de_AT.4be721f0.js]
[dev.visualwebsiteoptimizer.com/7.0/va-34eabc26e017ab87560ec33601046448.js]
[script.hotjar.com/modules.3bdaf89b2eed32b88847.js]
[cdn.cookielaw.org/consent/ae21900b-08ed-41c7-a0bc-afcaaca1aa36/OtAutoBlock.js]
[www.googletagmanager.com/gtm5445.html]
[www.hansaton.at/WebResourcec6ba.js]
[www.hansaton.at/CMSPages/WebServiceCall2bfa.js]
[www.hansaton.at/ScriptResource58d1.js]
[www.hansaton.at/ScriptResource602b.js]
[www.google.com/recaptcha/api10f3.js]
[www.hansaton.at/ScriptResource3f8b.axd]
[www.hansaton.at/ScriptResource351b.axd]
[www.hansaton.at/ScriptResource3780.axd]
[www.hansaton.at/ScriptResourceaa52.axd]
[www.hansaton.at/ScriptResource0e40.axd]
[www.hansaton.at/ScriptResource8edd.axd]
[sonova-retail-media-prd.azureedge.net/media/ml/sonova.hansaton-at/hansaton/00-general/paar-sitzt-vor-pc-343x256.jpg]
[sonova-retail-media-prd.azureedge.net/media/ml/sonova.hansaton-at/hansaton/00-general/paar-sitzt-vor-pc-382x215.jpg]
[sonova-retail-media-prd.azureedge.net/media/ml/sonova.hansaton-at/hansaton/00-general/paar-sitzt-vor-pc-1167x389.jpg]
[sonova-retail-media-prd.azureedge.net/media/ml/sonova.hansaton-at/hansaton/00-general/paar-sitzt-vor-pc-1888x472.jpg]
[sonova-retail-media-prd.azureedge.net/media/ml/sonova.hansaton-at/hansaton/00-general/paar-sitzt-vor-pc-2560x512.jpg]
[code.jquery.com/jquery-1.12.0.min.js]
[sonova-retail-media-prd.azureedge.net/media-new/ml/sonova.hansaton-at/hansaton/00-general/01-startseite/ruperta_600x600.jpg]
[sonova-retail-media-prd.azureedge.net/media-new/ml/sonova.hansaton-at/hansaton/00-general/01-startseite/fritz_600x600.jpg]
[www.hansaton.at/terminvereinbarung/index.html]
[www.hansaton.at/beratung/index.html]
[sonova-retail-media-prd.azureedge.net/media-new/ml/sonova.hansaton-at/bilder/broschueren/foto/hansaton-infobroschuere-2021.jpg]
[www.hansaton.at/beratung/welches-hoergeraet-ist-das-beste-fuer-mich/was-kosten-hoergeraete/index.html]
[www.hansaton.at/hoergeraet-auswahl/hoerakustiker-finden/index.html]
[www.hansaton.at/infobroschuere/index.html]
[sonova-retail-media-prd.azureedge.net/media-new/ml/sonova.hansaton-at/bilder/einzelperson/kind/kleiner-junge-haelt-sich-die-ohren.jpg]
[sonova-retail-media-prd.azureedge.net/media-new/ml/sonova.hansaton-at/bilder/zwei-personen/ohne-hoergeraet-1/aelteres-paar-beim-yoga-fur-das-gehoer.jpg]
[sonova-retail-media-prd.azureedge.net/media-new/ml/sonova.hansaton-at/bilder/beratung/hoergeraet/demonstration-eines-hoergeraetes.jpg]
[sonova-retail-media-prd.azureedge.net/media-new/ml/sonova.hansaton-at/bilder/gruppe/kind/familie-spielt-miteinander-900.jpg]
[sonova-retail-media-prd.azureedge.net/media-new/ml/sonova.hansaton-at/bilder/einzelperson/technologie/mann-macht-online-hoertest.jpg]
[sonova-retail-media-prd.azureedge.net/media-new/ml/sonova.hansaton-at/bilder/zwei-personen/ohne-hoergeraet-1/aeltere-frau-fluestert-mann-ins-ohr-343.jpg]
[sonova-retail-media-prd.azureedge.net/media-new/ml/sonova.hansaton-at/bilder/einzelperson/technologie/frau-sitzt-am-laptop.jpg]
[www.hansaton.at/ab-wann-brauche-ich-ein-hoergeraet/index.html]
[www.hansaton.at/ab-wann-hoergeraete/wie-funktioniert-das-gehoer/index.html]
[www.hansaton.at/ab-wann-hoergeraete/ursachen-arten-grade-hoerverlust/index.html]
[www.hansaton.at/ab-wann-hoergeraete/wie-funktionieren-hoergeraete/index.html]
[www.hansaton.at/ab-wann-hoergeraete/hoergeraete-anzahl/index.html]
[www.hansaton.at/ab-wann-hoergeraete/online-hoertest/index.html]
[www.hansaton.at/ab-wann-hoergeraete/tipps-fuer-angehoerige/index.html]
[www.hansaton.at/beratung/ab-wann-brauche-ich-ein-hoergeraet/alle-artikel/index.html]
[www.hansaton.at/contact-popup/store-locator/index.html]
[www.hansaton.at/beratung/ab-wann-brauche-ich-ein-hoergeraet/tipps-fuer-angehoerige/index.html]
[sonova-retail-media-prd.azureedge.net/media-new/ml/sonova.hansaton-at/bilder/hoerakustiker/zwei-hoerakustiker-von-hansaton.jpg]
[sonova-retail-media-prd.azureedge.net/media-new/ml/sonova.hansaton-at/bilder/zwei-personen/ohne-hoergeraet/mitarbeiterin-macht-einen-hoertest-900.jpg]
[sonova-retail-media-prd.azureedge.net/media-new/ml/sonova.hansaton-at/bilder/produkte/hoergeraet-ido/hoergeraete.jpg]
[sonova-retail-media-prd.azureedge.net/media-new/ml/sonova.hansaton-at/bilder/beratung/hoertest/hno-aerztin-untersucht-ohr-mit-otoskop.jpg]
[sonova-retail-media-prd.azureedge.net/media-new/ml/sonova.hansaton-at/bilder/einzelperson/mit-hoergeraet/mann-mit-hoergeraet-arbeitet-am-laptop.jpg]
[sonova-retail-media-prd.azureedge.net/media-new/ml/sonova.hansaton-at/bilder/einzelperson/ohne-hoergeraet/frau-liegt-im-bett-und-denkt-nach.jpg]
[sonova-retail-media-prd.azureedge.net/media-new/ml/sonova.hansaton-at/bilder/beratung/hoergeraet/beratung-hoergeraet-343.jpg]
[sonova-retail-media-prd.azureedge.net/media-new/ml/sonova.hansaton-at/bilder/einzelperson/kind/kind-liest-ein-buch.jpg]
[sonova-retail-media-prd.azureedge.net/media-new/ml/sonova.hansaton-at/bilder/einzelperson/ohne-hoergeraet/laechelnde-frau-greift-auf-ihr-ohr.jpg]
[sonova-retail-media-prd.azureedge.net/media-new/ml/sonova.hansaton-at/bilder/einzelperson/technologie/frau-sitzt-auf-der-couch-mit-laptop.jpg]
[sonova-retail-media-prd.azureedge.net/media-new/ml/sonova.hansaton-at/hansaton/02-produkte/01-hoergeraete/glueckliches-paar-ohne-hoerbeschwerden.jpg]
[sonova-retail-media-prd.azureedge.net/media-new/ml/sonova.hansaton-at/bilder/zwei-personen/kind/maedchen-fluestert-ihrer-oma-etwas-zu.jpg]
[www.hansaton.at/hoergeraet-auswahl/fragen-beim-hoergerate-kauf/index.html]
[www.hansaton.at/hoergeraet-auswahl/hoergeraete-demo/index.html]
[www.hansaton.at/hoergeraet-auswahl/msh-paket/index.html]
[sonova-retail-media-prd.azureedge.net/media-new/ml/sonova.hansaton-at/bilder/mood/zeitungen-alle-artikel.jpg]
[www.hansaton.at/welches-hoergeraet-ist-das-beste-fuer-mich/index.html]
[www.hansaton.at/hoergeraet-auswahl/hoergeraete-ohne-eigenleistung/index.html]
[www.hansaton.at/hoergeraet-auswahl/der-erste-hoermess-termin/index.html]
[www.hansaton.at/hoergeraet-auswahl/hoertest/index.html]
[www.hansaton.at/hoergeraet-auswahl/hoergeraete-arten/index.html]
[www.hansaton.at/hoerverlust-symptome-therapien/grade-des-hoerverlusts/index.html]
[www.hansaton.at/hoergeraet-auswahl/hoergeraete-preise/index.html]
[www.hansaton.at/hoergeraete-preise/basis/index.html]
[www.hansaton.at/hoergeraet-auswahl/wie-viel-zahlt-die-krankenkasse-fuer-hoergeraete/index.html]
[www.hansaton.at/hoergeraete-preise/premium/index.html]
[www.hansaton.at/hoergeraet-auswahl/hoergeraet-kaufen/index.html]
[www.hansaton.at/hoergeraet-auswahl/kinder-hoergeraete/index.html]
[www.hansaton.at/beratung/welches-hoergeraet-ist-das-beste-fuer-mich/mehr-artikel/index.html]
[sonova-retail-media-prd.azureedge.net/media-new/ml/sonova.hansaton-at/bilder/zwei-personen/ohne-hoergeraet/paerchen-umarmt-sich-laechelnd.jpg]
[sonova-retail-media-prd.azureedge.net/media-new/ml/sonova.hansaton-at/bilder/zwei-personen/ohne-hoergeraet/paar-faehrt-fahrrad-900x600.jpg]
[sonova-retail-media-prd.azureedge.net/media-new/ml/sonova.hansaton-at/bilder/einzelperson/ohne-hoergeraet/frau-waescht-sich-gesicht.jpg]
[sonova-retail-media-prd.azureedge.net/media-new/ml/sonova.hansaton-at/bilder/produkte/hoergeraet-ido/virto-hoergeraet-fehlerbehebung.jpg]
[sonova-retail-media-prd.azureedge.net/media-new/ml/sonova.hansaton-at/bilder/einzelperson/ohne-hoergeraet-draussen/mann-beim-schwimmen-im-meer.jpg]
[sonova-retail-media-prd.azureedge.net/media-new/ml/sonova.hansaton-at/bilder/abbildungen/mit-text/infographik-geschenke-hansaton-hoerfreunde-382.jpg]
[www.hansaton.at/mein-neues-leben-mit-hoergeraeten/index.html]
[www.hansaton.at/leben-mit-hoergeraeten/fragen-nach-dem-hoergerate-kauf/index.html]
[www.hansaton.at/leben-mit-hoergeraeten/hoergeraete-test-probephase/index.html]
[www.hansaton.at/rund-um-das-gehoer/hoerorgan-gehirn/index.html]
[www.hansaton.at/leben-mit-hoergeraeten/reinigung-pflege/index.html]
[www.hansaton.at/contact-popup/store-locator-(1)/index.html]
[www.hansaton.at/leben-mit-hoergeraeten/fehlerbehebung-hoergeraete/index.html]
[www.hansaton.at/wissenswertes-tipps/pfeifende-hoergeraete/index.html]
[www.hansaton.at/leben-mit-hoergeraeten/reisen-mit-hoergeraet/index.html]
[www.hansaton.at/leben-mit-hoergeraeten/hoerfreunde/index.html]
[www.hansaton.at/getattachment/b8554dc5-4de5-48ba-a13d-e19e87c7b56b/brochure.aspx/index.html]
[www.hansaton.at/hoer-geschichten/index.html]
[www.hansaton.at/hoer-geschichten/elke-rieser/index.html]
[www.hansaton.at/hoer-geschichten/nicole-baier/index.html]
[www.hansaton.at/hoer-geschichten/arnulf-rainer/index.html]
[www.hansaton.at/hoer-geschichten/ruperta-preu/index.html]
[www.hansaton.at/hoer-geschichten/sebastian-fehr/index.html]
[www.hansaton.at/hoer-geschichten/dolores-schmidinger/index.html]
[www.hansaton.at/hoergeraete/index.html]
[www.hansaton.at/hoergeraete/hoergeraete-kaufen/index.html]
[www.hansaton.at/hoergeraete/warum-hansaton-unsere-services/index.html]
[www.hansaton.at/produkte/hoergerate/hoergeraete-mit-akku/index.html]
[www.hansaton.at/hoergeraete/bluetooth-hoergeraete/index.html]
[www.hansaton.at/hoergeraete/unsichtbare-hoergeraete/index.html]
[www.hansaton.at/produkte/hoergerate/alle-artikel/index.html]
[www.hansaton.at/cochlea-implantate/index.html]
[www.hansaton.at/ueber-cochlea-implantate/index.html]
[www.hansaton.at/cochlea-implantate/ansprechpartner/index.html]
[www.hansaton.at/gehoerschutz/index.html]
[www.hansaton.at/gehoerschutz/gehoerschutz-jagd/index.html]
[www.hansaton.at/gehoerschutz/gehoerschutz-zum-fliegen/index.html]
[www.hansaton.at/gehoerschutz/ohrstoepsel-zum-schlafen/index.html]
[www.hansaton.at/gehoerschutz/wasser-und-schwimmschutz/index.html]
[www.hansaton.at/gehoerschutz/gehoerschutz-fuers-motorradfahren/index.html]
[www.hansaton.at/gehoerschutz/kinder-babys/index.html]
[www.hansaton.at/gehoerschutz/alle-artikel/index.html]
[www.hansaton.at/hoergerate-batterien-zubehoer/index.html]
[www.hansaton.at/hoergerate-batterien-zubehoer/hoergeraete-batterien/index.html]
[www.hansaton.at/hoergerate-batterien-zubehoer/hoergeraete-zubehoer/index.html]
[www.hansaton.at/produkte/hoergerate-batterien-zubehoer/hoergeraete-reinigung-pflege/index.html]
[www.hansaton.at/hoergerate-batterien-zubehoer/spezialprodukte/index.html]
[www.hansaton.at/rund-um-das-gehoer/index.html]
[www.hansaton.at/rund-um-das-gehoer/das-menschliche-ohr/index.html]
[www.hansaton.at/rund-um-das-gehoer/hyperakusis/index.html]
[www.hansaton.at/rund-um-das-gehoer/weisses-rauschen/index.html]
[www.hansaton.at/rund-um-das-gehoer/mittelohrentzuendungen/index.html]
[www.hansaton.at/rund-um-das-gehoer/phonophobie-und-misophonie/index.html]
[www.hansaton.at/rund-um-das-gehoer/menschliches-hoervermoegen-im-vergleich/index.html]
[www.hansaton.at/hoerverlust-symptome-therapien/index.html]
[www.hansaton.at/hoerverlust-symptome-therapien/hoersturz/index.html]
[www.hansaton.at/hoerverlust-symptome-therapien/paukenerguss/index.html]
[www.hansaton.at/hoerverlust-symptome-therapien/aktivitaeten-gehoer-verbessern/index.html]
[www.hansaton.at/hoerverlust-symptome-therapien/tinnitus-symptome-ursachen/index.html]
[www.hansaton.at/hoerverlust-symptome-therapien/tinnitus-behandlung-vorbeugung/index.html]
[www.hansaton.at/hoerverlust-symptome-therapien/ploetzlich-auftretendes-dumpfes-gefuehl-im-ohr/index.html]
[www.hansaton.at/hoerverlust-symptome-therapien/alle-artikel/index.html]
[sonova-retail-media-prd.azureedge.net/media-new/ml/sonova.hansaton-at/hansaton/blog/schweissen-laermbelastung-fuer-das-gehoer.jpg]
[www.hansaton.at/wissenswertes-tipps/geschichte-entstehung-von-hoergeraeten/index.html]
[sonova-retail-media-prd.azureedge.net/media-new/ml/sonova.hansaton-at/bilder/einzelperson/ohne-hoergeraet-1/frau-bei-ohrenreinigung-mit-wattestaebchen-382.jpg]
[sonova-retail-media-prd.azureedge.net/media-new/ml/sonova.hansaton-at/bilder/gruppe/kind/familie-kocht-gemeinsam-382.jpg]
[sonova-retail-media-prd.azureedge.net/media-new/ml/sonova.hansaton-at/bilder/einzelperson/ohne-hoergeraet-drinnen/frau-mit-ohrkerze-382.jpg]
[sonova-retail-media-prd.azureedge.net/media-new/ml/sonova.hansaton-at/bilder/mood/kraeuter-und-gewuerze.jpg]
[sonova-retail-media-prd.azureedge.net/media-new/ml/sonova.hansaton-at/hansaton/hoergeraete-01.png]
[sonova-retail-media-prd.azureedge.net/media-new/ml/sonova.hansaton-at/hansaton/04-blog/01-hoeren-hoerverlust/folder-2/mann-mit-verbundenen-augen-332x300.jpg]
[sonova-retail-media-prd.azureedge.net/media-new/ml/sonova.hansaton-at/hansaton/04-blog/01-hoeren-hoerverlust/folder-1/hoergeraete-dekoration1_900x600.jpg]
[www.hansaton.at/wissenswertes-tipps/hoergeraete-dekoration/index.html]
[sonova-retail-media-prd.azureedge.net/media-new/ml/sonova.hansaton-at/hansaton/04-blog/01-hoeren-hoerverlust/folder-1/frau-kratzt-sich-am-ohr-332x300.jpg]
[www.hansaton.at/wissenswertes-tipps/juckende-ohren/index.html]
[sonova-retail-media-prd.azureedge.net/media-new/ml/sonova.hansaton-at/hansaton/02-produkte/01-hoergeraete/verschiedene-hoergeraete-arten.jpg]
[sonova-retail-media-prd.azureedge.net/media-new/ml/sonova.hansaton-at/bilder/beratung/hoergeraet/beratungsgespraech-mit-einem-aelteren-mann-900.jpg]
[sonova-retail-media-prd.azureedge.net/media-new/ml/sonova.hansaton-at/bilder/einzelperson/kind/kinderohr-382.jpg]
[www.hansaton.at/wissenswertes-tipps/hoergeraet-verloren-was-tun/index.html]
[www.hansaton.at/wissenswertes-tipps/ohrinfektionen-bei-kindern/index.html]
[sonova-retail-media-prd.azureedge.net/media-new/ml/sonova.hansaton-at/bilder/einzelperson/ohne-hoergeraet-drinnen/frau-mit-kopfschmerzen-382.jpg]
[www.hansaton.at/wissenswertes-tipps/wissenswertes-innenohrentzuendung/index.html]
[sonova-retail-media-prd.azureedge.net/media-new/ml/sonova.hansaton-at/bilder/einzelperson/ohne-hoergeraet-1/mann-hat-ohrenschmerzen.jpg]
[sonova-retail-media-prd.azureedge.net/media-new/ml/sonova.hansaton-at/bilder/einzelperson/ohne-hoergeraet-2/junge-hat-untersuchung-mit-otoskop.jpg]
[www.hansaton.at/wissenswertes-tipps/gehoergangsentzuendung/index.html]
[sonova-retail-media-prd.azureedge.net/media-new/ml/sonova.hansaton-at/bilder/einzelperson/technologie/herr-liegt-im-bett-und-schaut-am-handy-382.jpg]
[www.hansaton.at/ratgeber/wissenswertes-und-tipps/handys-fuer-senioren/index.html]
[sonova-retail-media-prd.azureedge.net/media-new/ml/sonova.hansaton-at/bilder/einzelperson/ohne-hoergeraet-3/frau-entspannt-im-wald-382.jpg]
[www.hansaton.at/ratgeber/wissenswertes-und-tipps/was-ist-laermverschmutzung/index.html]
[sonova-retail-media-prd.azureedge.net/media-new/ml/sonova.hansaton-at/bilder/einzelperson/ohne-hoergeraet-3/mann-hoert-musik-im-bett-382.jpg]
[www.hansaton.at/ratgeber/wissenswertes-und-tipps/musik-zum-schlafen/index.html]
[sonova-retail-media-prd.azureedge.net/media-new/ml/sonova.hansaton-at/bilder/einzelperson/kind/kind-unter-wasser-teaser.jpg]
[sonova-retail-media-prd.azureedge.net/media-new/ml/sonova.hansaton-at/bilder/einzelperson/ohne-hoergeraet-3/mann-ist-frustiert-und-denkt-nach-382.jpg]
[www.hansaton.at/ratgeber/wissenswertes-und-tipps/was-hilft-gegen-wasser-im-ohr/index.html]
[sonova-retail-media-prd.azureedge.net/media-new/ml/sonova.hansaton-at/bilder/einzelperson/ohne-hoergeraet-3/abstehende-ohren.jpg]
[www.hansaton.at/ratgeber/wissenswertes-und-tipps/was-sind-akustische-halluzinationen/index.html]
[sonova-retail-media-prd.azureedge.net/media-new/ml/sonova.hansaton-at/bilder/einzelperson/tier/hund-mit-kind-382.jpg]
[www.hansaton.at/ratgeber/wissenswertes-und-tipps/ohrenkorrekturen/index.html]
[sonova-retail-media-prd.azureedge.net/media-new/ml/sonova.hansaton-at/bilder/mood/gesunder-veganer-lunch-382.jpg]
[www.hansaton.at/ratgeber/wissenswertes-und-tipps/schwerhoerigkeit-bei-hunden/index.html]
[sonova-retail-media-prd.azureedge.net/media-new/ml/sonova.hansaton-at/bilder/zwei-personen/ohne-hoergeraet-draussen/junge-frau-fluestert-aeltere-frau-ins-ohr-382.jpg]
[www.hansaton.at/ratgeber/wissenswertes-und-tipps/die-7-besten-lebensmittel-gegen-schwerhoerigkeit/index.html]
[www.hansaton.at/ratgeber/wissenswertes-und-tipps/zusammenhang-schwerhoerigkeit-und-demenz/index.html]
[sonova-retail-media-prd.azureedge.net/media-new/ml/sonova.hansaton-at/bilder/einzelperson/ohne-hoergeraet-4/frau-im-badezimmer-greift-sich-ans-ohr.jpg]
[sonova-retail-media-prd.azureedge.net/media-new/ml/sonova.hansaton-at/bilder/mood/q-tips-wattestaebchen-auf-pinkem-hintergrund-382.jpg]
[www.hansaton.at/ratgeber/wissenswertes-und-tipps/ohren-unter-der-dusche-reinigen/index.html]
[sonova-retail-media-prd.azureedge.net/media-new/ml/sonova.hansaton-at/bilder/einzelperson/kind/baby-wird-gebadet.jpg]
[www.hansaton.at/ratgeber/wissenswertes-und-tipps/was-sind-q-tips/index.html]
[sonova-retail-media-prd.azureedge.net/media-new/ml/sonova.hansaton-at/bilder/einzelperson/ohne-hoergeraet-2/mann-macht-online-hoertest.jpg]
[www.hansaton.at/ratgeber/wissenswertes-und-tipps/wie-macht-man-babyohren-sauber/index.html]
[sonova-retail-media-prd.azureedge.net/media-new/ml/sonova.hansaton-at/bilder/einzelperson/technologie/mann-hoert-musik-mit-airpods-343.jpg]
[www.hansaton.at/wissenswertes-tipps/index.html]
[www.hansaton.at/wissenswertes-tipps/lautstaerke-dezibel/index.html]
[www.hansaton.at/wissenswertes-tipps/hno-arzt/index.html]
[www.hansaton.at/wissenswertes-tipps/ohren-reinigen-und-spuelen/index.html]
[www.hansaton.at/ratgeber/wissenswertes-und-tipps/10-gruende-fuer-rote-heisse-ohren/index.html]
[www.hansaton.at/wissenswertes-tipps/ohrkerzen-und-ihre-gefahren/index.html]
[www.hansaton.at/wissenswertes-tipps/hausmittel-gegen-ohrenschmerzen/index.html]
[www.hansaton.at/ratgeber/wissenswertes-und-tipps/unterschied-zwischen-airpods-und-hoergeraeten/index.html]
[www.hansaton.at/ratgeber/wissenswertes-und-tipps/die-besten-kopfhoerer-mit-geraeuschunterdrueckung/index.html]
[www.hansaton.at/wissenswertes-tipps/alle-artikel/index.html]
[www.hansaton.at/shop/batterien-und-zubehoer/index.html]
[www.hansaton.at/shop/batterien-und-zubehoer/hoergeraetebatterien/index.html]
[www.hansaton.at/shop/batterien-und-zubehoer/reinigung-und-pflege/index.html]
[www.hansaton.at/shop/gehoerschutz/index.html]
[www.hansaton.at/shop/gehoerschutz/freizeit-und-schlaf/index.html]
[www.hansaton.at/shop/gehoerschutz/industrie-und-arbeit/index.html]
[www.hansaton.at/shop/gehoerschutz/babys-und-kinder/index.html]
[www.hansaton.at/shop/marken/index.html]
[www.hansaton.at/shop/marken/crescendo/index.html]
[www.hansaton.at/shop/marken/audionova/index.html]
[www.hansaton.at/shop/marken/babybanz/index.html]
[www.hansaton.at/unternehmen/world-of-hearing/index.html]
[cdnjs.cloudflare.com/ajax/libs/slick-carousel/1.8.1/slick.min.css]
[mreq.github.io/slick-lightbox/dist/slick-lightbox.css]
[cdnjs.cloudflare.com/ajax/libs/slick-carousel/1.8.1/slick-theme.min.css]
[cdnjs.cloudflare.com/ajax/libs/jquery/2.1.3/jquery.min.js]
[cdnjs.cloudflare.com/ajax/libs/slick-carousel/1.8.1/slick.min.js]
[mreq.github.io/slick-lightbox/dist/slick-lightbox.js]
[polyfill.io/v3/polyfill.mine9ae.js]
[sonova-retail-media-prd.azureedge.net/media-new/ml/sonova.hansaton-at/bilder/kampagnen/world-of-hearing/woh-innen-header.jpg]
[sonova-retail-media-prd.azureedge.net/media-new/ml/sonova.hansaton-at/bilder/kampagnen/world-of-hearing/hoertest-teaser.jpg]
[sonova-retail-media-prd.azureedge.net/media-new/ml/sonova.hansaton-at/bilder/kampagnen/world-of-hearing/hoererlebnisraum-teaser.jpg]
[sonova-retail-media-prd.azureedge.net/media-new/ml/sonova.hansaton-at/bilder/kampagnen/world-of-hearing/multimedia-teaser.jpg]
[sonova-retail-media-prd.azureedge.net/media-new/ml/sonova.hansaton-at/bilder/kampagnen/world-of-hearing/ohrscan-teaser.jpg]
[sonova-retail-media-prd.azureedge.net/media-new/ml/sonova.hansaton-at/bilder/einzelperson/ohne-hoergeraet-drinnen/world-of-hearing-larissa-strzeletz-fgl.jpg]
[sonova-retail-media-prd.azureedge.net/media-new/ml/sonova.hansaton-at/bilder/einzelperson/ohne-hoergeraet-drinnen/world-of-hearing-maria-neuner.jpg]
[sonova-retail-media-prd.azureedge.net/media-new/ml/sonova.hansaton-at/bilder/einzelperson/ohne-hoergeraet-drinnen/world-of-hearing-richard-bautista.jpg]
[sonova-retail-media-prd.azureedge.net/media-new/ml/sonova.hansaton-at/bilder/einzelperson/ohne-hoergeraet-drinnen/world-of-hearing-wolfgang-paul.jpg]
[sonova-retail-media-prd.azureedge.net/media-new/ml/sonova.hansaton-at/bilder/kampagnen/world-of-hearing/world-of-hearing-martina-drapa.jpg]
[sonova-retail-media-prd.azureedge.net/media-new/ml/sonova.hansaton-at/bilder/kampagnen/world-of-hearing/world-of-hearing-hildegard-matiasovits.jpg]
[sonova-retail-media-prd.azureedge.net/media-new/ml/sonova.hansaton-at/bilder/kampagnen/world-of-hearing/woh-service-hoertest.jpg]
[sonova-retail-media-prd.azureedge.net/media-new/ml/sonova.hansaton-at/bilder/kampagnen/world-of-hearing/woh-service-hg-beratung.jpg]
[sonova-retail-media-prd.azureedge.net/media-new/ml/sonova.hansaton-at/bilder/kampagnen/world-of-hearing/woh-service-ohrscan.jpg]
[sonova-retail-media-prd.azureedge.net/media-new/ml/sonova.hansaton-at/bilder/kampagnen/world-of-hearing/woh-service-tinnitus.jpg]
[sonova-retail-media-prd.azureedge.net/media-new/ml/sonova.hansaton-at/bilder/kampagnen/world-of-hearing/woh-service-gehoerschutz.jpg]
[sonova-retail-media-prd.azureedge.net/media-new/ml/sonova.hansaton-at/bilder/kampagnen/world-of-hearing/woh-service-roger.jpg]
[sonova-retail-media-prd.azureedge.net/media-new/ml/sonova.hansaton-at/bilder/kampagnen/world-of-hearing/woh-service-reparatur.jpg]
[sonova-retail-media-prd.azureedge.net/media-new/ml/sonova.hansaton-at/bilder/abbildungen/mit-text-1/woh_standorte-oesterreich-karte.jpg]
[www.hansaton.at/world-of-hearing/index.html]
[www.hansaton.at/world-of-hearing/schnellhoertest/index.html]
[sonova-retail-media-prd.azureedge.net/media-new/ml/sonova.hansaton-at/bilder/kampagnen/world-of-hearing/hoererlebnisraum-klangfinder-aussen-header.jpg]
[www.hansaton.at/world-of-hearing/selbst-hoertest/index.html]
[sonova-retail-media-prd.azureedge.net/media-new/ml/sonova.hansaton-at/bilder/kampagnen/world-of-hearing/hoererlebnisraum.jpg]
[sonova-retail-media-prd.azureedge.net/media-new/ml/sonova.hansaton-at/bilder/kampagnen/world-of-hearing/hoererlebnisraum-klangfinder.jpg]
[sonova-retail-media-prd.azureedge.net/media-new/ml/sonova.hansaton-at/bilder/kampagnen/world-of-hearing/hoererlebnisraum-klangfinder-ohr.jpg]
[sonova-retail-media-prd.azureedge.net/media-new/ml/sonova.hansaton-at/bilder/kampagnen/world-of-hearing/woh-teaser.jpg]
[www.hansaton.at/world-of-hearing/hoererlebnisraum/index.html]
[www.hansaton.at/world-of-hearing/interaktiv/index.html]
[sonova-retail-media-prd.azureedge.net/media-new/ml/sonova.hansaton-at/bilder/kampagnen/world-of-hearing/ohrscan-header.jpg]
[www.hansaton.at/world-of-hearing/multimedia/index.html]
[sonova-retail-media-prd.azureedge.net/media-new/ml/sonova.hansaton-at/bilder/kampagnen/world-of-hearing/ohrscan.jpg]
[sonova-retail-media-prd.azureedge.net/media-new/ml/sonova.hansaton-at/bilder/kampagnen/world-of-hearing/ohrscan-beratung.jpg]
[sonova-retail-media-prd.azureedge.net/media-new/ml/sonova.hansaton-at/bilder/kampagnen/world-of-hearing/ohrscan-beratungssituation.jpg]
[sonova-retail-media-prd.azureedge.net/media-new/ml/sonova.hansaton-at/bilder/kampagnen/world-of-hearing/ohrscan-hoerakustiker.jpg]
[sonova-retail-media-prd.azureedge.net/media-new/ml/sonova.hansaton-at/bilder/kampagnen/world-of-hearing/schnell-hoertest-header.jpg]
[www.hansaton.at/world-of-hearing/hoerstudio/index.html]
[www.hansaton.at/unternehmen/ueber-hansaton/index.html]
[sonova-retail-media-prd.azureedge.net/media-new/ml/sonova.hansaton-at/bilder/news/eroeffnung/eroeffnung-tull-382.jpg]
[www.hansaton.at/unternehmen/index.html]
[www.hansaton.at/news/neueroeffnung-tulln/index.html]
[www.hansaton.at/news/neueroeffnung-klosterneuburg/index.html]
[www.hansaton.at/news/neueroeffnung-wien-westbahnhof/index.html]
[www.hansaton.at/news/news/neueroeffnung-world-of-hearing/index.html]
[sonova-retail-media-prd.azureedge.net/media-new/ml/sonova.hansaton-at/bilder/news/eroeffnung/eroeffnung-klosterneuburg.jpg]
[www.hansaton.at/news/neueroeffnung-wien-12/index.html]
[www.hansaton.at/news/neue-geschaeftsfuehrung-fuer-hansaton/index.html]
[www.hansaton.at/news/eroeffnung-wien18/index.html]
[sonova-retail-media-prd.azureedge.net/media-new/ml/sonova.hansaton-at/bilder/news/eroeffnung/eroeffnung-westbahnhof-343.jpg]
[www.hansaton.at/news/eroeffnung-freistadt/index.html]
[www.hansaton.at/news/neueroeffnung-wien-auhof/index.html]
[sonova-retail-media-prd.azureedge.net/media-new/ml/sonova.hansaton-at/bilder/news/eroeffnung/eingang-world-of-hearing-eroeffnung-343.jpg]
[www.hansaton.at/news/neueroeffnung-villach/index.html]
[www.hansaton.at/news/neueroeffnung-wien-22/index.html]
[www.hansaton.at/news/neueroeffnung-wien-3/index.html]
[sonova-retail-media-prd.azureedge.net/media-new/ml/sonova.hansaton-at/bilder/news/eroeffnung/eroeffnung-wien-12.jpg]
[www.hansaton.at/news/neueroeffnung-waidhofen/index.html]
[www.hansaton.at/news/neueroeffnung-st-poelten/index.html]
[www.hansaton.at/news/neueroeffnung-wien15/index.html]
[www.hansaton.at/news/neueroeffnung-tamsweg/index.html]
[www.hansaton.at/news/neueroeffnung-wien-16-bezirk/index.html]
[sonova-retail-media-prd.azureedge.net/media-new/ml/sonova.hansaton-at/hansaton/05-ueber-hansaton/hansaton-geschaeftsfuehrung-gert-ettlmayr.jpg]
[www.hansaton.at/news/eroeffnung-bregenz/index.html]
[www.hansaton.at/news/neueroeffnung-perg/index.html]
[www.hansaton.at/news/neueroeffnung-schwechat/index.html]
[sonova-retail-media-prd.azureedge.net/media-new/ml/sonova.hansaton-at/hansaton/10-news/eroeffnung_wien18.jpg]
[www.hansaton.at/news/neueroeffnung-korneuburg/index.html]
[www.hansaton.at/news/neueroeffnung-leibnitz/index.html]
[www.hansaton.at/news/neueroeffnung-wien-9-bezirk/index.html]
[sonova-retail-media-prd.azureedge.net/media-new/ml/sonova.hansaton-at/hansaton/05-ueber-hansaton/03-news/eroeffnung-freistadt-zusammenkunft.jpg]
[www.hansaton.at/news/neueroeffnung-leoben/index.html]
[www.hansaton.at/news/neueroeffnung-zwettl/index.html]
[www.hansaton.at/news/beste-beratung-in-oesterreich/index.html]
[www.hansaton.at/news/neue-standorte-wien/index.html]
[sonova-retail-media-prd.azureedge.net/media-new/ml/sonova.hansaton-at/hansaton/startseite/siegel-testsieger-hansaton_1.jpg]
[www.hansaton.at/news/wiedereroeffnung-liezen/index.html]
[www.hansaton.at/news/wiedereroeffnung-judenburg/index.html]
[www.hansaton.at/news/hygiene-kurs/index.html]
[www.hansaton.at/news/neueroeffnung-gaenserndorf/index.html]
[www.hansaton.at/news/spendenaktion-rotenasen/index.html]
[sonova-retail-media-prd.azureedge.net/media-new/ml/sonova.hansaton-at/hansaton/news/wien-auhof-gruppenfoto-eroeffnung-19-12-2019.jpg]
[www.hansaton.at/news/edi16-gewinner-sonova/index.html]
[www.hansaton.at/news/hietzinger-hno-tag/index.html]
[www.hansaton.at/news/wissenschaftspreis-jungforschung/index.html]
[sonova-retail-media-prd.azureedge.net/media-new/ml/sonova.hansaton-at/hansaton/news/eroeffnung-villach-2019.jpg]
[www.hansaton.at/news/neueroeffnung-kufstein/index.html]
[www.hansaton.at/news/neueroeffnung-bludenz/index.html]
[www.hansaton.at/news/hansaton-feiert-55-jahre/index.html]
[www.hansaton.at/news/innsbrucker-symposium/index.html]
[sonova-retail-media-prd.azureedge.net/media-new/ml/sonova.hansaton-at/hansaton/news/eroeffnung-hansaton.jpg]
[www.hansaton.at/news/wellnessgala-kapfenberg/index.html]
[www.hansaton.at/news/hoer-familie-bartweltmeister/index.html]
[www.hansaton.at/news/hietzinger-hno-tag-tauchmedizin/index.html]
[www.hansaton.at/news/tag-der-hoervorsorge/index.html]
[www.hansaton.at/news/wiedereroeffnung-wien-leopoldstadt/index.html]
[sonova-retail-media-prd.azureedge.net/media-new/ml/sonova.hansaton-at/hansaton/news/neueroeffnung-wien-3.jpg]
[www.hansaton.at/news/gewinner-traumreise/index.html]
[www.hansaton.at/news/neueroeffnung-wien-1-bezirk/index.html]
[www.hansaton.at/news/neueroeffnung-schwaz/index.html]
[www.hansaton.at/news/neueroeffnung-hall/index.html]
[www.hansaton.at/news/tag-des-hoerens/index.html]
[www.hansaton.at/news/hansaton-quereinstieg/index.html]
[sonova-retail-media-prd.azureedge.net/media-new/ml/sonova.hansaton-at/hansaton/news/waidhofen.jpg]
[www.hansaton.at/news/tag-gegen-laerm/index.html]
[www.hansaton.at/news/schwimmschutz/index.html]
[www.hansaton.at/news/neueroeffnung-liesing/index.html]
[sonova-retail-media-prd.azureedge.net/media-new/ml/sonova.hansaton-at/hansaton/news/190315_sepa_02_021.jpg]
[sonova-retail-media-prd.azureedge.net/media-new/ml/sonova.hansaton-at/hansaton/news/066_20190411.jpg]
[sonova-retail-media-prd.azureedge.net/media-new/ml/sonova.hansaton-at/hansaton/news/hansaton_tamsweg20190404leo4618.jpg]
[sonova-retail-media-prd.azureedge.net/media-new/ml/sonova.hansaton-at/hansaton/news/img-072.jpg]
[sonova-retail-media-prd.azureedge.net/media-new/ml/sonova.hansaton-at/hansaton/news/hansaton-neueroeffnung-bregenz.jpg]
[sonova-retail-media-prd.azureedge.net/media-new/ml/sonova.hansaton-at/hansaton/news/hansaton_eroffnung_perg_900x600_1.jpg]
[sonova-retail-media-prd.azureedge.net/media-new/ml/sonova.hansaton-at/hansaton/news/hansaton_eroffnung_schwechat_900x600_1.jpg]
[sonova-retail-media-prd.azureedge.net/media-new/ml/sonova.hansaton-at/hansaton/news/hansaton_eroffnung_korneuburg_900x600_1.jpg]
[sonova-retail-media-prd.azureedge.net/media-new/ml/sonova.hansaton-at/hansaton/news/fg_erweiterung_leibnitz_1.jpg]
[sonova-retail-media-prd.azureedge.net/media-new/ml/sonova.hansaton-at/hansaton/news/hansaton_eroffnung_9-bezirk_900x600.jpg]
[sonova-retail-media-prd.azureedge.net/media-new/ml/sonova.hansaton-at/hansaton/news/neueroeffnung_leoben-(2).jpg]
[sonova-retail-media-prd.azureedge.net/media-new/ml/sonova.hansaton-at/hansaton/news/hansaton_eroffnung_zwettl_900x600.jpg]
[sonova-retail-media-prd.azureedge.net/media-new/ml/sonova.hansaton-at/hansaton/news/hansaton_platz1_inberatung.jpg]
[sonova-retail-media-prd.azureedge.net/media-new/ml/sonova.hansaton-at/hansaton/news/3neueroeffnungen_wien_1.jpg]
[sonova-retail-media-prd.azureedge.net/media-new/ml/sonova.hansaton-at/hansaton/news/hansaton_eroffnung_judenburg_900x600.jpg]
[sonova-retail-media-prd.azureedge.net/media-new/ml/sonova.hansaton-at/hansaton/news/hansaton_eroffnung_liezen_900x600_1.jpg]
[sonova-retail-media-prd.azureedge.net/media-new/ml/sonova.hansaton-at/hansaton/news/hansaton_hygienekurs_900x600_1.jpg]
[sonova-retail-media-prd.azureedge.net/media-new/ml/sonova.hansaton-at/hansaton/news/hansaton_eroffnung_gaenserndorf_900x600_1.jpg]
[sonova-retail-media-prd.azureedge.net/media-new/ml/sonova.hansaton-at/hansaton/news/hansaton_rote_nasen.jpg]
[sonova-retail-media-prd.azureedge.net/media-new/ml/sonova.hansaton-at/hansaton/news/hansaton_edi_ersterplatz_900x600_1.jpg]
[sonova-retail-media-prd.azureedge.net/media-new/ml/sonova.hansaton-at/hansaton/news/hno-kongress-331_1.jpg]
[sonova-retail-media-prd.azureedge.net/media-new/ml/sonova.hansaton-at/hansaton/news/hansaton_wissenschaftspreis_2016.jpg]
[sonova-retail-media-prd.azureedge.net/media-new/ml/sonova.hansaton-at/hansaton/news/hansaton_eroffnung_kufstein_900x600_1.jpg]
[sonova-retail-media-prd.azureedge.net/media-new/ml/sonova.hansaton-at/hansaton/news/hansaton_eroffnung_bludenz_900x600_1.jpg]
[sonova-retail-media-prd.azureedge.net/media-new/ml/sonova.hansaton-at/hansaton/news/55_jahre_hansaton.jpg]
[sonova-retail-media-prd.azureedge.net/media-new/ml/sonova.hansaton-at/hansaton/news/schwindelkurslogo_innsbruck-jpg_1.jpg]
[sonova-retail-media-prd.azureedge.net/media-new/ml/sonova.hansaton-at/hansaton/news/wellnessgala.jpg]
[sonova-retail-media-prd.azureedge.net/media-new/ml/sonova.hansaton-at/hansaton/news/pic_keyvisual_hearing-situation_tradition_fritz_2.jpg]
[sonova-retail-media-prd.azureedge.net/media-new/ml/sonova.hansaton-at/hansaton/news/20180215ub0002_web-jpg__900x450_q85_crop_subsampling-2.jpg]
[sonova-retail-media-prd.azureedge.net/media-new/ml/sonova.hansaton-at/hansaton/news/ak_gesundheitstag_hortest_2.jpg]
[sonova-retail-media-prd.azureedge.net/media-new/ml/sonova.hansaton-at/hansaton/news/hansaton_wien2_1.jpg]
[sonova-retail-media-prd.azureedge.net/media-new/ml/sonova.hansaton-at/hansaton/news/hansaton_gewinnspiel.jpg]
[sonova-retail-media-prd.azureedge.net/media-new/ml/sonova.hansaton-at/hansaton/news/hansaton_hohermarkt.png]
[sonova-retail-media-prd.azureedge.net/media-new/ml/sonova.hansaton-at/hansaton/news/hansaton_schwaz_1.jpg]
[sonova-retail-media-prd.azureedge.net/media-new/ml/sonova.hansaton-at/hansaton/news/hansaton_hall_200x100.jpg]
[sonova-retail-media-prd.azureedge.net/media-new/ml/sonova.hansaton-at/hansaton/news/news.jpg]
[sonova-retail-media-prd.azureedge.net/media-new/ml/sonova.hansaton-at/hansaton/news/lux.jpg]
[sonova-retail-media-prd.azureedge.net/media-new/ml/sonova.hansaton-at/hansaton/news/ht_hansaton_aktuell_mai_130426_low__2__f6d0b132cc.jpg]
[sonova-retail-media-prd.azureedge.net/media-new/ml/sonova.hansaton-at/hansaton/news/425x266px_tdl_contentbild_0d78fd0600.jpg]
[sonova-retail-media-prd.azureedge.net/media-new/ml/sonova.hansaton-at/bilder/fachgeschaeft/aussen/hansaton-fachgeschaeft-oestereich.jpg]
[www.hansaton.at/news/index.html]
[www.hansaton.at/presse/index.html]
[www.hansaton.at/produkte/hoergerate/warum-hansaton-unsere-services/index.html]
[www.hansaton.at/unternehmen/karriere/index.html]
[www.hansaton.at/CMSPages/ebookingIframeResize393f.js]
[sonova-retail-media-prd.azureedge.net/media-new/ml/sonova.hansaton-at/hansaton/hansaton_logo.png]
[sonova-retail-media-prd.azureedge.net/media-new/ml/sonova.hansaton-at/hansaton/06-karriere/hansaton_hintergrund_blau.jpg]
[sonova-retail-media-prd.azureedge.net/media-new/ml/sonova.hansaton-at/hansaton/00_general/karriere/button_meister.png]
[sonova-retail-media-prd.azureedge.net/media-new/ml/sonova.hansaton-at/hansaton/00_general/karriere/button_akustiker.png]
[sonova-retail-media-prd.azureedge.net/media-new/ml/sonova.hansaton-at/hansaton/00_general/karriere/button_ausbildung.png]
[sonova-retail-media-prd.azureedge.net/media-new/ml/sonova.hansaton-at/hansaton/00_general/karriere/button_zentrale.png]
[sonova-retail-media-prd.azureedge.net/media-new/ml/sonova.hansaton-at/hansaton/00_general/sonova.png]
[www.hansaton.at/CMSScripts/Sonova/main.min.js]
[www.hansaton.at/karriere/offene-stellen/index.html]
[sonova-retail-media-prd.azureedge.net/media-new/ml/sonova.hansaton-at/hansaton/00_general/karriere/video_bild_karriere.png]
[www.hansaton.at/karriere/ausbildung/index.html]
[www.hansaton.at/karriere/weiterentwicklung-karriere/index.html]
[www.hansaton.at/karriere/datenschutz-bewerbungen/index.html]
[www.hansaton.at/kontakt/index.html]
[www.hansaton.at/termin/index.html]
[www.hansaton.at/corona-massnahmen/index.html]
[sonova-retail-media-prd.azureedge.net/media-new/ml/sonova.hansaton-at/hansaton/08-landingpages/remote-support/lydia-beutl-hansaton-testimonial-neu.jpg]
[www.hansaton.at/remote-support/index.html]
[sonova-retail-media-prd.azureedge.net/media-new/ml/sonova.hansaton-at/bilder/broschueren/foto/hansaton-einklang-magazin-2021.jpg]
[www.hansaton.at/getattachment/5dc900dd-7d70-4117-8ad9-89a9cd5e49f1/hansaton-einklang-magazin-2021-pdf.pdf]
[www.hansaton.at/einklang-magazin/index.html]
[www.hansaton.at/hoerverlust/arten-hoerverlust/index.html]
[sonova-retail-media-prd.azureedge.net/media-new/ml/sonova.hansaton-at/hansaton/02-produkte/01-hoergeraete/in-ohr-hoergeraete.jpg]
[sonova-retail-media-prd.azureedge.net/media-new/ml/sonova.hansaton-at/hansaton/02-produkte/01-hoergeraete/ric-hoergeraet.jpg]
[sonova-retail-media-prd.azureedge.net/media-new/ml/sonova.hansaton-at/hansaton/02-produkte/01-hoergeraete/paradise.jpg]
[sonova-retail-media-prd.azureedge.net/media-new/ml/sonova.hansaton-at/bilder/produkte/hoergeraet-ido/phonak-virto-b-90-titan.jpg]
[www.hansaton.at/einklang-magazin-2020/index.html]
[sonova-retail-media-prd.azureedge.net/media-new/ml/sonova.hansaton-at/bilder/produkte/hoergeraet-ido/phonak-virto-m-30.jpg]
[www.hansaton.at/hoergeraete/phonak-virto-m-titanium/index.html]
[sonova-retail-media-prd.azureedge.net/media-new/ml/sonova.hansaton-at/bilder/produkte/hoergeraet-ido/phonak-virto-m-50.jpg]
[www.hansaton.at/hoergeraete/phonak-virto-m70-titan/index.html]
[www.hansaton.at/hoergeraete/phonak-virto-m90-titan/index.html]
[sonova-retail-media-prd.azureedge.net/media-new/ml/sonova.hansaton-at/bilder/produkte/hoergeraet-ido/virto-m-black.jpg]
[www.hansaton.at/hoergeraete/phonak-virto-m-30/index.html]
[www.hansaton.at/hoergeraete/phonak-virto-m-50-10/index.html]
[www.hansaton.at/hoergeraete/phonak-virto-m-70/index.html]
[www.hansaton.at/hoergeraete/phonak-virto-m-90/index.html]
[www.hansaton.at/hoergeraete/phonak-virto-m-black-30/index.html]
[sonova-retail-media-prd.azureedge.net/media-new/ml/sonova.hansaton-at/bilder/produkte/hoergeraet-ido/vitus-ido.jpg]
[www.hansaton.at/hoergeraete/im-ohr/index.html]
[www.hansaton.at/hoergeraete/phonak-virto-m-black-50/index.html]
[www.hansaton.at/hoergeraete/hinter-dem-ohr/index.html]
[www.hansaton.at/hoergeraete/phonak-virto-m-black-90/index.html]
[www.hansaton.at/hoergeraete/phonak-virto-m-black-70/index.html]
[www.hansaton.at/hoergeraete/phonak-vitus-plus-ido/index.html]
[www.hansaton.at/produkte/hoergerate/hinter-dem-ohr/index.html]
[sonova-retail-media-prd.azureedge.net/media-new/ml/sonova.hansaton-at/bilder/abbildungen/mit-text/beschreibung-eines-ric-hoergeraetes.jpg]
[www.hansaton.at/hoergeraete/phonak-audeo-paradise-50/index.html]
[sonova-retail-media-prd.azureedge.net/media-new/ml/sonova.hansaton-at/bilder/produkte/hoergeraet-ric/phonak-paradise-p13-silber.jpg]
[www.hansaton.at/produkte/hoergerate/im-ohr/index.html]
[sonova-retail-media-prd.azureedge.net/media-new/ml/sonova.hansaton-at/bilder/produkte/hoergeraet-ric/phonak-paradise-p13.jpg]
[www.hansaton.at/hoergeraete/receiver-in-canal/index.html]
[www.hansaton.at/ueber-uns/index.html]
[www.hansaton.at/hoergeraete/phonak-audeo-paradise-70/index.html]
[www.hansaton.at/news/aktuelle-meldungen/index.html]
[www.hansaton.at/gehoerschutz-stoepsel/index.html]
[www.hansaton.at/retoure/index.html]
[www.hansaton.at/faq/index.html]
[www.hansaton.at/allgemeine-geschaeftsbedingungen/index.html]
[www.hansaton.at/widerrufsrecht/index.html]
[www.hansaton.at/altgeraete-und-batterieentsorgung/index.html]
[www.hansaton.at/datenschutzhinweis-online-shop/index.html]
[www.hansaton.at/onlineshop/index.html]
[sonova-retail-media-prd.azureedge.net/media-new/ml/sonova.hansaton-at/hansaton/00_general/karriere/button_stellenangebote.png]
[www.hansaton.at/karriere/index.html]
[www.hansaton.at/newsletter/index.html]
[www.hansaton.at/newsletter-abmelden/index.html]
[www.hansaton.at/impressum/index.html]
[www.hansaton.at/getattachment/pages/datenschutzerklaerung/Hansaton_Datenschutzhinweised985.pdf]
[www.hansaton.at/datenschutzerklaerung/index.html]
[www.hansaton.at/datenschutz-cookies/index.html]
[www.hansaton.at/cookies/index.html]
[sonova-retail-media-prd.azureedge.net/media-new/ml/sonova.hansaton-at/bilder/logos/hansaton_vertrauen_2.jpg]
[www.hansaton.at/Sonova/css/animations-big.min.css]
[www.hansaton.at/WebResource54e7.html]
[www.hansaton.at/Sonova/css/owl.video.play.html]
[standorte.hansaton.at/permanent-b0b701/standorte.hansaton.at/cityList/de_AT.4468db24.html]
[standorte.hansaton.at/permanent-b0b701/standorte.hansaton.at/search/de_AT.75318abd.html]
[standorte.hansaton.at/permanent-b0b701/standorte.hansaton.at/location/de_AT.3876c65b.html]
[standorte.hansaton.at/permanent-b0b701/standorte.hansaton.at/cityList/de_AT.2e2da57f.html]
[standorte.hansaton.at/permanent-b0b701/standorte.hansaton.at/location/de_AT.9fcd30b7.html]
[standorte.hansaton.at/permanent-b0b701/standorte.hansaton.at/location/de_AT.4b18d778.html]
[az416426.vo.msecnd.net/scripts/a/ai.0.js]
[standorte.hansaton.at/permanent-b0b701/standorte.hansaton.at/cityList/de_AT.99b92c2f.html]
[standorte.hansaton.at/permanent-b0b701/standorte.hansaton.at/search/de_AT.cd7d2fd1.html]
[standorte.hansaton.at/permanent-b0b701/standorte.hansaton.at/search/de_AT.4be721f0.html]
[www.googletagmanager.com/gtmb80b.html]
[www.hansaton.at/POST/index.html]
[www.hansaton.at/Firefox/index.html]
[www.hansaton.at/AppleWebKit/index.html]
[www.hansaton.at/Opera/index.html]
[www.hansaton.at/MicrosoftAjaxWebForms.html]
[www.hansaton.at/MicrosoftAjaxSerialization.html]
[www.hansaton.at/MicrosoftAjaxNetwork.html]
[www.hansaton.at/beratung/index.html]
[www.hansaton.at/hoertest/online-hoertest/index.html]
[www.hansaton.at/hoergeraete/moderne-hoergeraete/index.html]
[www.hansaton.at/hoergeraete/vergleich/index.html]
[www.hansaton.at/beratung/welches-hoergeraet-ist-das-beste-fuer-mich/was-kosten-hoergeraete/index.html]
[www.hansaton.at/hoergeraete/hoergeraete-technologie/index.html]
[www.hansaton.at/hoergeraet-auswahl/hoerakustiker-finden/index.html]
[www.hansaton.at/getattachment/f03595bf-4e1a-49a3-b019-a7f66e5b2bc6/Hansaton_Infobroschure_2021.pdf]
[www.hansaton.at/infobroschuere/index.html]
[sonova-retail-media-prd.azureedge.net/media-new/ml/sonova.hansaton-at/bilder/mood/zeitungen-alle-artikel-382.jpg]
[www.hansaton.at/ratgeber/index.html]
[www.hansaton.at/wissenswertes-tipps/loch-im-trommelfell/index.html]
[www.hansaton.at/ab-wann-hoergeraete/fragen-vor-dem-hoergeraete-kauf/index.html]
[www.hansaton.at/contact-popup/store-locator/index.html]
[www.hansaton.at/hoerverlust/index.html]
[www.hansaton.at/beratung/ab-wann-brauche-ich-ein-hoergeraet/tipps-fuer-angehoerige/index.html]
[www.hansaton.at/hoerverlust-symptome-therapien/otosklerose/index.html]
[www.hansaton.at/hoertest/wissenswertes-zum-hoertest/index.html]
[www.hansaton.at/hoergeraet-auswahl/fragen-beim-hoergerate-kauf/index.html]
[www.hansaton.at/hoergeraet-auswahl/hoergeraete-demo/index.html]
[www.hansaton.at/hoergeraet-auswahl/msh-paket/index.html]
[www.hansaton.at/hoergeraet-auswahl/hoergeraete-ohne-eigenleistung/index.html]
[www.hansaton.at/SonovaIframe/geers.de/Trageformuebersicht/index.html]
[sonova-retail-media-prd.azureedge.net/media-new/ml/sonova.hansaton-at/hansaton/02-produkte/02-gehoerschutz/mann-nutzt-mantel-um-gehoer-zu-schuetzen.jpg]
[www.hansaton.at/hoerverlust-symptome-therapien/grade-des-hoerverlusts/index.html]
[www.hansaton.at/symptome-therapien/index.html]
[www.hansaton.at/hoergeraete/bauformen/index.html]
[www.hansaton.at/hoertest/index.html]
[www.hansaton.at/hoergeraete-preise/basis/basisklasse/index.html]
[sonova-retail-media-prd.azureedge.net/media-new/ml/sonova.hansaton-at/bilder/abbildungen/ohne-text-1/basis-klasse-hansaton.png]
[www.hansaton.at/hoergeraete-preise/standard/index.html]
[sonova-retail-media-prd.azureedge.net/media-new/ml/sonova.hansaton-at/bilder/abbildungen/ohne-text-1/standard-klasse-hansaton.png]
[sonova-retail-media-prd.azureedge.net/media-new/ml/sonova.hansaton-at/bilder/abbildungen/ohne-text-1/premium-klasse-hansaton.png]
[www.hansaton.at/terminvereinbarung-standorte/index.html]
[www.hansaton.at/getmedia/48ff94c4-7d6d-44f3-94b4-bdaba049c339/performance1ee2.jpg]
[www.hansaton.at/getmedia/9c40b3f6-0441-410c-99d3-054602d9ef7d/flexible1ee2.jpg]
[www.hansaton.at/getmedia/b0002159-92f1-4581-907d-bee1abdcb4f0/ideal1ee2.jpg]
[www.hansaton.at/hoergeraete-preise/basis/index.html]
[www.hansaton.at/hoergeraete-preise/premium/index.html]
[www.hansaton.at/hoergeraete/preise/basis/index.html]
[www.hansaton.at/hoergeraete/preise/standard/index.html]
[www.hansaton.at/hoergeraete/preise/premium/index.html]
[www.hansaton.at/hoeren-verstehen/index.html]
[www.hansaton.at/wissenswertes-tipps/ohrenreinigung-zu-hause/index.html]
[www.hansaton.at/hoergerate-batterien-zubehoer/hoergeraete-pflege-clear/index.html]
[www.hansaton.at/rund-um-das-gehoer/hoerorgan-gehirn/index.html]
[www.hansaton.at/rund-ums-gehoer/index.html]
[www.hansaton.at/contact-popup/store-locator-(1)/index.html]
[www.hansaton.at/wissenswertes-tipps/pfeifende-hoergeraete/index.html]
[www.hansaton.at/getattachment/b8554dc5-4de5-48ba-a13d-e19e87c7b56b/brochure.aspx/index.html]
[sonova-retail-media-prd.azureedge.net/media-new/ml/sonova.hansaton-at/bilder/kunden/kundin-nicole-baier.jpg]
[sonova-retail-media-prd.azureedge.net/media-new/ml/sonova.hansaton-at/bilder/kunden/arnulf-rainer.jpg]
[sonova-retail-media-prd.azureedge.net/media-new/ml/sonova.hansaton-at/bilder/kunden/martin/portrait-martin.jpg]
[sonova-retail-media-prd.azureedge.net/media-new/ml/sonova.hansaton-at/bilder/kunden/ruperta/ruberta.jpg]
[sonova-retail-media-prd.azureedge.net/media-new/ml/sonova.hansaton-at/bilder/kunden/sebastian-fehr.jpg]
[www.hansaton.at/hoer-geschichten/martin-breuss/index.html]
[sonova-retail-media-prd.azureedge.net/media-new/ml/sonova.hansaton-at/bilder/kunden/fritz/kunde-fritz.jpg]
[sonova-retail-media-prd.azureedge.net/media-new/ml/sonova.hansaton-at/bilder/kunden/dolores-schmidinger.jpg]
[www.hansaton.at/hoer-geschichten/fritz-sendlhofer/index.html]
[sonova-retail-media-prd.azureedge.net/media-new/ml/sonova.hansaton-at/bilder/kunden/elke/elke-rieser-portrait.jpg]
[sonova-retail-media-prd.azureedge.net/media-new/ml/sonova.hansaton-at/bilder/kunden/elke/elke-rieser-im-gesprach-382.jpg]
[sonova-retail-media-prd.azureedge.net/media-new/ml/sonova.hansaton-at/bilder/kunden/elke/elke-rieser-familie.jpg]
[sonova-retail-media-prd.azureedge.net/media-new/ml/sonova.hansaton-at/bilder/produkte/zubehoer/hoergeraete-huelle.jpg]
[sonova-retail-media-prd.azureedge.net/media-new/ml/bootshearingcare/bootshearingcare_uk_website/02_products_service/folder-1/marvel-product-listing.jpg]
[www.hansaton.at/produkte/index.html]
[sonova-retail-media-prd.azureedge.net/media-new/ml/bootshearingcare/bootshearingcare_uk_website/02_products_service/amber-audionovad.jpg]
[www.hansaton.at/hoergeraete/phonak-audeo-paradise-90/index.html]
[sonova-retail-media-prd.azureedge.net/media-new/ml/sonova.hansaton-at/bilder/abbildungen/mit-text/phonak-app-lautstaerke.jpg]
[www.hansaton.at/hoergeraete/audionova-dx-70/index.html]
[sonova-retail-media-prd.azureedge.net/media-new/ml/sonova.hansaton-at/bilder/abbildungen/mit-text/phonak-app-frequenz.jpg]
[sonova-retail-media-prd.azureedge.net/media-new/ml/sonova.hansaton-at/bilder/abbildungen/mit-text/phonak-app-fernsteuerung.jpg]
[sonova-retail-media-prd.azureedge.net/media-new/ml/sonova.hansaton-at/bilder/fachgeschaeft/aussen/aussen-fachgeschaeft.jpg]
[sonova-retail-media-prd.azureedge.net/media-new/ml/sonova.hansaton-at/bilder/einzelperson/ohne-hoergeraet/frau-mit-blumen-kampagne-(1).jpg]
[www.hansaton.at/hoergeraete/hoergeraete-highlight/index.html]
[sonova-retail-media-prd.azureedge.net/media-new/ml/sonova.hansaton-at/bilder/einzelperson/ohne-hoergeraet-drinnen/aelteres-paar-gluecklick-auf-der-couch.jpg]
[sonova-retail-media-prd.azureedge.net/media-new/ml/sonova.hansaton-at/bilder/beratung/hoergeraet/hoerakustikerin-setzt-hoergeraete-beim-kunden-ein.jpg]
[sonova-retail-media-prd.azureedge.net/media-new/ml/sonova.hansaton-at/bilder/produkte/hoergeraet-ido/virto-titanium-unsichtbares-hoergeraet.jpg]
[sonova-retail-media-prd.azureedge.net/media-new/ml/sonova.hansaton-at/bilder/einzelperson/technologie/frau-sitzt-mit-handy-vor-laptop.jpg]
[sonova-retail-media-prd.azureedge.net/media-new/ml/sonova.hansaton-at/hansaton/02-produkte/03-cochlea-implantate/cochlea-implantat-anpassung.jpg]
[sonova-retail-media-prd.azureedge.net/media-new/ml/sonova.hansaton-at/hansaton/02-produkte/03-cochlea-implantate/cochlea-implantat-ansprechpartner.jpg]
[www.hansaton.at/terminvereinbarung-standorte/index6a83.html]
[www.hansaton.at/terminvereinbarung-standorte/indexc7c9.html]
[www.hansaton.at/terminvereinbarung-standorte/index5939.html]
[www.hansaton.at/terminvereinbarung-standorte/index3753.html]
[www.hansaton.at/terminvereinbarung-standorte/indexc697.html]
[sonova-retail-media-prd.azureedge.net/media-new/ml/sonova.hansaton-at/bilder/kunden/elke/elke-rieser-portrait-382.jpg]
[www.hansaton.at/gehoerschutz/musik-konzerte/index.html]
[www.hansaton.at/gehoerschutz/industrie-arbeit/index.html]
[www.hansaton.at/gehoerschutz/gehoerschutz-gegen-laerm/index.html]
[www.hansaton.at/gehoerschutz/gehoerschutz-fuer-die-freizeit/index.html]
[sonova-retail-media-prd.azureedge.net/media-new/ml/sonova.hansaton-at/bilder/mood/menschen-auf-einem-konzert-quadratisch.jpg]
[sonova-retail-media-prd.azureedge.net/media-new/ml/sonova.hansaton-at/bilder/einzelperson/ohne-hoergeraet/mann-mit-hund-auf-jagd-382.jpg]
[www.hansaton.at/individuell-angepasster-gehoerschutz/index.html]
[sonova-retail-media-prd.azureedge.net/media-new/ml/sonova.hansaton-at/bilder/einzelperson/ohne-hoergeraet/gehoerschutz-presslufthammer-382.jpg]
[sonova-retail-media-prd.azureedge.net/media-new/ml/sonova.hansaton-at/bilder/zwei-personen/ohne-hoergeraet/paar-faehrt-mit-zug-382.jpg]
[sonova-retail-media-prd.azureedge.net/media-new/ml/sonova.hansaton-at/bilder/einzelperson/ohne-hoergeraet-draussen/mann-beim-hecke-schneiden-382-quadratisch.jpg]
[sonova-retail-media-prd.azureedge.net/media-new/ml/sonova.hansaton-at/bilder/einzelperson/ohne-hoergeraet-2/frau-mit-ohrstoepsel-quadratisch.jpg]
[sonova-retail-media-prd.azureedge.net/media-new/ml/sonova.hansaton-at/bilder/gruppe/kind/familie-im-pool.jpg]
[sonova-retail-media-prd.azureedge.net/media-new/ml/sonova.hansaton-at/bilder/einzelperson/technologie/frau-arbeitet-mit-laptop-quadratisch.jpg]
[www.hansaton.at/gehoerschutz/laerm-gefahr-fuer-ohren/index.html]
[sonova-retail-media-prd.azureedge.net/media-new/ml/sonova.hansaton-at/bilder/einzelperson/ohne-hoergeraet-draussen/motorradfahrer-am-waldrand-quadratisch.jpg]
[sonova-retail-media-prd.azureedge.net/media-new/ml/sonova.hansaton-at/bilder/einzelperson/kind/kind-mit-ohrenschutz-quadratisch.jpg]
[sonova-retail-media-prd.azureedge.net/media-new/ml/sonova.hansaton-at/bilder/einzelperson/ohne-hoergeraet-drinnen/lachende-frau-mit-lila-brille-600x600.jpg]
[www.hansaton.at/terminvereinbarung-gehoerschutz/index.html]
[www.hansaton.at/angepasster-gehoerschutz/fidelity-shooter/index.html]
[www.hansaton.at/angepasster-gehoerschutz/18-elacin-rc/index.html]
[www.hansaton.at/angepasster-gehoerschutz/18-epro-x-a/index.html]
[www.hansaton.at/angepasster-gehoerschutz/19-epro-x-a/index.html]
[www.hansaton.at/angepasster-gehoerschutz/18-epro-stop/index.html]
[www.hansaton.at/angepasster-gehoerschutz/fidelity/index.html]
[www.hansaton.at/angepasster-gehoerschutz/18-epro-stop-s/index.html]
[www.hansaton.at/angepasster-gehoerschutz/18-elacin-er/index.html]
[sonova-retail-media-prd.azureedge.net/media-new/ml/sonova.hansaton-at/bilder/einzelperson/ohne-hoergeraet/frau-mit-ohrstoepsel.jpg]
[www.hansaton.at/angepasster-gehoerschutz/18-epro-x-s/index.html]
[www.hansaton.at/hoerverlust-symptome-therapien/ohrdruck-ursachen-heilmittel/index.html]
[www.hansaton.at/angepasster-gehoerschutz/schlafschutz-17-silikon-25/index.html]
[www.hansaton.at/angepasster-gehoerschutz/schlafschutz-17-silikon-40/index.html]
[www.hansaton.at/angepasster-gehoerschutz/sleep/index.html]
[www.hansaton.at/angepasster-gehoerschutz/wasserschutz-41-silikon-35/index.html]
[www.hansaton.at/angepasster-gehoerschutz/wasserschutz-41-silikon-25-neon/index.html]
[www.hansaton.at/angepasster-gehoerschutz/splash/index.html]
[sonova-retail-media-prd.azureedge.net/media-new/ml/sonova.hansaton-at/bilder/einzelperson/ohne-hoergeraet-draussen/motorradfahrer-am-waldrand.jpg]
[www.hansaton.at/angepasster-gehoerschutz/18-elacin-ch/index.html]
[sonova-retail-media-prd.azureedge.net/media-new/ml/sonova.hansaton-at/bilder/einzelperson/kind/kind-mit-ohrenschutz-382.jpg]
[sonova-retail-media-prd.azureedge.net/media-new/ml/sonova.hansaton-at/hansaton/02-produkte/04-batterien-zubehoer/hoergeraetebatterien-13.jpg]
[www.hansaton.at/hoergerate-batterien-zubehoer/shop/index.html]
[sonova-retail-media-prd.azureedge.net/media-new/ml/sonova.hansaton-at/hansaton/02-produkte/04-batterien-zubehoer/audionova-reinigung-pflegeset.jpg]
[sonova-retail-media-prd.azureedge.net/media-new/ml/sonova.hansaton-at/hansaton/02-produkte/04-batterien-zubehoer/hansaton-sennheiser-hoergeraete-zubehoer.jpg]
[sonova-retail-media-prd.azureedge.net/media-new/ml/sonova.hansaton-at/bilder/shop/audionova-reinungsset-quadrat.jpg]
[sonova-retail-media-prd.azureedge.net/media-new/ml/sonova.hansaton-at/hansaton/02-produkte/01-hoergeraete/audionova-hoergeraetebatterien-verschiedene-groessen.jpg]
[sonova-retail-media-prd.azureedge.net/media-new/ml/sonova.hansaton-at/hansaton/00-general/03-pages/hoergeraete-batterien-wechseln.jpg]
[sonova-retail-media-prd.azureedge.net/media-new/ml/sonova.hansaton-at/hansaton/04-blog/01-hoeren-hoerverlust/folder-1/frau-zeigt-aufbau-des-ohrs.jpg]
[sonova-retail-media-prd.azureedge.net/media-new/ml/sonova.hansaton-at/hansaton/04-blog/01-hoeren-hoerverlust/folder-2/maenner-halten-sich-ohren-zu-332x300.jpg]
[www.hansaton.at/hoerverlust/wie-funktioniert-das-gehoer/index.html]
[www.hansaton.at/gehoerschutz-stoepsel/warum-ist-laerm-gefaehrlich/index.html]
[www.hansaton.at/hoerverlust/hoersturz/index.html]
[www.hansaton.at/tinnitus/vorbeugung-und-behandlung/index.html]
[www.hansaton.at/brauche-ich-ein-hoergeraet/hoergeraeteakustiker-finden/index.html]
[www.hansaton.at/brauche-ich-ein-hoergeraet/anzeichen-von-hoerminderung/index.html]
[www.hansaton.at/gehoerschutz-stoepsel/wie-laut-ist-zu-laut/index.html]
[www.hansaton.at/wissenswertes-tipps/geschichte-entstehung-von-hoergeraeten/index.html]
[www.hansaton.at/wissenswertes-tipps/hoergeraete-dekoration/index.html]
[www.hansaton.at/wissenswertes-tipps/juckende-ohren/index.html]
[www.hansaton.at/wissenswertes-tipps/hoergeraet-verloren-was-tun/index.html]
[www.hansaton.at/wissenswertes-tipps/ohrinfektionen-bei-kindern/index.html]
[www.hansaton.at/wissenswertes-tipps/wissenswertes-innenohrentzuendung/index.html]
[www.hansaton.at/wissenswertes-tipps/gehoergangsentzuendung/index.html]
[www.hansaton.at/ratgeber/wissenswertes-und-tipps/handys-fuer-senioren/index.html]
[www.hansaton.at/ratgeber/wissenswertes-und-tipps/was-ist-laermverschmutzung/index.html]
[www.hansaton.at/ratgeber/wissenswertes-und-tipps/musik-zum-schlafen/index.html]
[www.hansaton.at/ratgeber/wissenswertes-und-tipps/was-hilft-gegen-wasser-im-ohr/index.html]
[www.hansaton.at/ratgeber/wissenswertes-und-tipps/was-sind-akustische-halluzinationen/index.html]
[www.hansaton.at/ratgeber/wissenswertes-und-tipps/ohrenkorrekturen/index.html]
[www.hansaton.at/ratgeber/wissenswertes-und-tipps/schwerhoerigkeit-bei-hunden/index.html]
[www.hansaton.at/ratgeber/wissenswertes-und-tipps/die-7-besten-lebensmittel-gegen-schwerhoerigkeit/index.html]
[www.hansaton.at/ratgeber/wissenswertes-und-tipps/zusammenhang-schwerhoerigkeit-und-demenz/index.html]
[www.hansaton.at/ratgeber/wissenswertes-und-tipps/ohren-unter-der-dusche-reinigen/index.html]
[www.hansaton.at/ratgeber/wissenswertes-und-tipps/was-sind-q-tips/index.html]
[www.hansaton.at/ratgeber/wissenswertes-und-tipps/wie-macht-man-babyohren-sauber/index.html]
[www.hansaton.at/ratgeber/wissenswertes-und-tipps/unterschied-zwischen-airpods-und-hoergeraeten/index.html]
[www.hansaton.at/blog/hoeren-und-hoerverlust/menschliches-hoervermoegen-im-vergleich/index.html]
[www.hansaton.at/tinnitus/index.html]
[www.hansaton.at/medizintechnik-praxis-klinik/index.html]
[cdnjs.cloudflare.com/ajax/libs/slick-carousel/1.8.1/slick.min.css]
[mreq.github.io/slick-lightbox/dist/slick-lightbox.css]
[cdnjs.cloudflare.com/ajax/libs/slick-carousel/1.8.1/slick-theme.min.css]
[sonova-retail-media-prd.azureedge.net/media-new/ml/sonova.hansaton-at/bilder/kampagnen/world-of-hearing/innenansicht-woh.jpg]
[www.hansaton.at/world-of-hearing/selbst-hoertest/index.html]
[www.hansaton.at/world-of-hearing/multimedia/index.html]
[www.hansaton.at/unternehmen/index.html]
[www.hansaton.at/news/neueroeffnung-tulln/index.html]
[www.hansaton.at/news/neueroeffnung-klosterneuburg/index.html]
[www.hansaton.at/news/neueroeffnung-wien-westbahnhof/index.html]
[www.hansaton.at/news/news/neueroeffnung-world-of-hearing/index.html]
[www.hansaton.at/news/neueroeffnung-wien-12/index.html]
[www.hansaton.at/news/neue-geschaeftsfuehrung-fuer-hansaton/index.html]
[www.hansaton.at/news/eroeffnung-wien18/index.html]
[www.hansaton.at/news/eroeffnung-freistadt/index.html]
[www.hansaton.at/news/testsieger-2019/index.html]
[sonova-retail-media-prd.azureedge.net/media/ml/sonova.hansaton-at/hansaton/02-produkte/04-batterien-zubehoer/hoergeraete-zubehoer.jpg]
[www.hansaton.at/news/neueroeffnung-wien-auhof/index.html]
[www.hansaton.at/news/neueroeffnung-villach/index.html]
[www.hansaton.at/news/neueroeffnung-wien-22/index.html]
[www.hansaton.at/news/neueroeffnung-wien-3/index.html]
[www.hansaton.at/news/neueroeffnung-waidhofen/index.html]
[www.hansaton.at/news/neueroeffnung-st-poelten/index.html]
[www.hansaton.at/news/neueroeffnung-wien15/index.html]
[www.hansaton.at/news/neueroeffnung-tamsweg/index.html]
[www.hansaton.at/news/neueroeffnung-wien-16-bezirk/index.html]
[www.hansaton.at/news/eroeffnung-bregenz/index.html]
[www.hansaton.at/news/neueroeffnung-perg/index.html]
[www.hansaton.at/news/neueroeffnung-schwechat/index.html]
[www.hansaton.at/news/neueroeffnung-korneuburg/index.html]
[www.hansaton.at/news/neueroeffnung-leibnitz/index.html]
[www.hansaton.at/news/neueroeffnung-wien-9-bezirk/index.html]
[www.hansaton.at/news/neueroeffnung-leoben/index.html]
[www.hansaton.at/news/neueroeffnung-zwettl/index.html]
[www.hansaton.at/news/beste-beratung-in-oesterreich/index.html]
[www.hansaton.at/news/neue-standorte-wien/index.html]
[www.hansaton.at/news/wiedereroeffnung-judenburg/index.html]
[www.hansaton.at/news/wiedereroeffnung-liezen/index.html]
[www.hansaton.at/news/hygiene-kurs/index.html]
[sonova-retail-media-prd.azureedge.net/media-new/ml/sonova.hansaton-at/hansaton/04-blog/01-hoeren-hoerverlust/folder-1/frau-schaut-aus-fenster-332x300.jpg]
[www.hansaton.at/news/neueroeffnung-gaenserndorf/index.html]
[www.hansaton.at/news/spendenaktion-rotenasen/index.html]
[www.hansaton.at/news/edi16-gewinner-sonova/index.html]
[www.hansaton.at/news/hietzinger-hno-tag/index.html]
[www.hansaton.at/news/wissenschaftspreis-jungforschung/index.html]
[www.hansaton.at/news/neueroeffnung-kufstein/index.html]
[www.hansaton.at/news/neueroeffnung-bludenz/index.html]
[www.hansaton.at/news/hansaton-feiert-55-jahre/index.html]
[www.hansaton.at/news/innsbrucker-symposium/index.html]
[www.hansaton.at/news/wellnessgala-kapfenberg/index.html]
[www.hansaton.at/news/hoer-familie-bartweltmeister/index.html]
[www.hansaton.at/news/hietzinger-hno-tag-tauchmedizin/index.html]
[www.hansaton.at/news/tag-der-hoervorsorge/index.html]
[www.hansaton.at/news/wiedereroeffnung-wien-leopoldstadt/index.html]
[www.hansaton.at/news/gewinner-traumreise/index.html]
[www.hansaton.at/news/neueroeffnung-wien-1-bezirk/index.html]
[www.hansaton.at/news/neueroeffnung-schwaz/index.html]
[www.hansaton.at/news/neueroeffnung-hall/index.html]
[www.hansaton.at/news/tag-des-hoerens/index.html]
[www.hansaton.at/news/hansaton-quereinstieg/index.html]
[www.hansaton.at/news/schwimmschutz/index.html]
[www.hansaton.at/news/tag-gegen-laerm/index.html]
[www.hansaton.at/news/neueroeffnung-liesing/index.html]
[www.hansaton.at/leben-mit-hoergeraeten/msh-paket/index.html]
[www.hansaton.at/CMSPages/ebookingIframeResize393f.js]
[www.hansaton.at/hoergeraete/kinder-hoergeraete/index.html]
[sonova-retail-media-prd.azureedge.net/media-new/ml/sonova.hansaton-at/hansaton/04-blog/01-hoeren-hoerverlust/folder-1/lachendes-baby-332x300.jpg]
[www.hansaton.at/einklang-magazin-2020/index.html]
[www.hansaton.at/hoergeraete/phonak-virto-m-titanium/index.html]
[www.hansaton.at/hoergeraete/phonak-virto-m70-titan/index.html]
[www.hansaton.at/hoergeraete/phonak-virto-m90-titan/index.html]
[www.hansaton.at/hoergeraete/phonak-virto-m-30/index.html]
[www.hansaton.at/hoergeraete/phonak-virto-m-50-10/index.html]
[www.hansaton.at/hoergeraete/phonak-virto-m-50/index.html]
[www.hansaton.at/hoergeraete/phonak-virto-m-70/index.html]
[www.hansaton.at/hoergeraete/phonak-virto-m-90/index.html]
[www.hansaton.at/hoergeraete/phonak-virto-m-black-30/index.html]
[www.hansaton.at/hoergeraete/phonak-virto-m-black-50/index.html]
[www.hansaton.at/hoergeraete/phonak-virto-m-black-70/index.html]
[www.hansaton.at/hoergeraete/phonak-virto-m-black-90/index.html]
[www.hansaton.at/hoergeraete/phonak-vitus-plus-ido/index.html]
[www.hansaton.at/produkte/hoergerate/hinter-dem-ohr/index.html]
[www.hansaton.at/produkte/hoergerate/im-ohr/index.html]
[www.hansaton.at/hoergeraete/phonak-audeo-paradise-50/index.html]
[www.hansaton.at/hoergeraete/phonak-audeo-paradise-70/index.html]
[www.hansaton.at/ueber-hansaton/index.html]
[www.hansaton.at/onlineshop/index.html]
[www.hansaton.at/datenschutzhinweis-online-shop/index.html]
[www.hansaton.at/CMSPages/faq-onlineshop.html]
[www.hansaton.at/cookies-1/index.html]
[www.hansaton.at/ab-wann-hoergeraete/fragen-vor-dem-hoergeraete-kauf/index.html]
[www.hansaton.at/ratgeber/index.html]
[www.hansaton.at/wissenswertes-tipps/loch-im-trommelfell/index.html]
[www.hansaton.at/hoerverlust-symptome-therapien/otosklerose/index.html]
[www.hansaton.at/SonovaIframe/geers.de/Trageformuebersicht/index.html]
[www.hansaton.at/hoertest/audiogramm/index.html]
[www.hansaton.at/hoergeraete-preise/basis/basisklasse/index.html]
[www.hansaton.at/hoergeraete-preise/standard/index.html]
[www.hansaton.at/terminvereinbarung-standorte/index.html]
[www.hansaton.at/blog/hoeren-und-hoerverlust/tipps-zur-sicheren-ohrenreinigung-zu-hause/index.html]
[www.hansaton.at/hoer-geschichten/martin-breuss/index.html]
[www.hansaton.at/hoer-geschichten/fritz-sendlhofer/index.html]
[www.hansaton.at/produkte/index.html]
[www.hansaton.at/hoergeraete/phonak-audeo-paradise-90/index.html]
[www.hansaton.at/hoergeraete/audionova-dx-70/index.html]
[www.hansaton.at/hoergeraete/hoergeraete-highlight/index.html]
[www.hansaton.at/terminvereinbarung-standorte/index6a83.html]
[www.hansaton.at/terminvereinbarung-standorte/indexc7c9.html]
[www.hansaton.at/terminvereinbarung-standorte/index5939.html]
[www.hansaton.at/terminvereinbarung-standorte/index3753.html]
[www.hansaton.at/terminvereinbarung-standorte/indexc697.html]
[www.hansaton.at/gehoerschutz/musik-konzerte/index.html]
[www.hansaton.at/gehoerschutz/industrie-arbeit/index.html]
[www.hansaton.at/gehoerschutz/gehoerschutz-fuer-die-freizeit/index.html]
[www.hansaton.at/gehoerschutz/gehoerschutz-gegen-laerm/index.html]
[www.hansaton.at/individuell-angepasster-gehoerschutz/index.html]
[www.hansaton.at/gehoerschutz/laerm-gefahr-fuer-ohren/index.html]
[www.hansaton.at/terminvereinbarung-gehoerschutz/index.html]
[www.hansaton.at/angepasster-gehoerschutz/fidelity-shooter/index.html]
[www.hansaton.at/gehoerschutz/was-ist-gehoerschutz/index.html]
[www.hansaton.at/angepasster-gehoerschutz/18-elacin-rc/index.html]
[www.hansaton.at/angepasster-gehoerschutz/18-epro-x-a/index.html]
[www.hansaton.at/angepasster-gehoerschutz/19-epro-x-a/index.html]
[www.hansaton.at/angepasster-gehoerschutz/18-epro-stop/index.html]
[www.hansaton.at/angepasster-gehoerschutz/fidelity/index.html]
[www.hansaton.at/angepasster-gehoerschutz/18-epro-stop-s/index.html]
[www.hansaton.at/angepasster-gehoerschutz/18-elacin-er/index.html]
[www.hansaton.at/angepasster-gehoerschutz/18-epro-x-s/index.html]
[www.hansaton.at/hoerverlust-symptome-therapien/ohrdruck-ursachen-heilmittel/index.html]
[www.hansaton.at/angepasster-gehoerschutz/schlafschutz-17-silikon-25/index.html]
[www.hansaton.at/angepasster-gehoerschutz/schlafschutz-17-silikon-40/index.html]
[www.hansaton.at/angepasster-gehoerschutz/sleep/index.html]
[www.hansaton.at/gehoerschutz/musik/index.html]
[www.hansaton.at/gehoerschutz/angepasster-gehoerschutz/index.html]
[www.hansaton.at/angepasster-gehoerschutz/wasserschutz-41-silikon-35/index.html]
[www.hansaton.at/angepasster-gehoerschutz/wasserschutz-41-silikon-25-neon/index.html]
[www.hansaton.at/angepasster-gehoerschutz/splash/index.html]
[www.hansaton.at/blog/hoeren-und-hoerverlust/mittelohrentzuendung-otitis-media/index.html]
[www.hansaton.at/angepasster-gehoerschutz/18-elacin-ch/index.html]
[www.hansaton.at/wissenswertes-tipps/laerm-gefahr-fuer-ohren/index.html]
[www.hansaton.at/hoergerate-batterien-zubehoer/shop/index.html]
[www.hansaton.at/hoertest/beim-hoerakustiker/index.html]
[sonova-retail-media-prd.azureedge.net/media-new/ml/sonova.hansaton-at/hansaton/04-blog/01-hoeren-hoerverlust/folder-2/mann-und-frau-beim-radfahren-900x600.jpg]
[www.hansaton.at/rund-um-das-gehoer/gleichgewichtssinn/index.html]
[sonova-retail-media-prd.azureedge.net/media-new/ml/sonova.hansaton-at/hansaton/04-blog/01-hoeren-hoerverlust/folder-2/untersuchung-gehoergang-hno.jpg]
[sonova-retail-media-prd.azureedge.net/media-new/ml/sonova.hansaton-at/hansaton/06-karriere/maedchen-mit-misophonie.jpg]
[sonova-retail-media-prd.azureedge.net/media-new/ml/sonova.hansaton-at/hansaton/04-blog/01-hoeren-hoerverlust/folder-1/frau-mit-hund-332x300.jpg]
[sonova-retail-media-prd.azureedge.net/media-new/ml/sonova.hansaton-at/bilder/einzelperson/ohne-hoergeraet-drinnen/frau-haelt-ohr-neben-ihr-hand-382.jpg]
[www.hansaton.at/ratgeber/rund-um-das-gehoer/der-hoernerv-funktion-und-aufbau/index.html]
[sonova-retail-media-prd.azureedge.net/media-new/ml/sonova.hansaton-at/bilder/zwei-personen/ohne-hoergeraet-drinnen/hoertest-mit-einer-frau-382.jpg]
[www.hansaton.at/ratgeber/rund-um-das-gehoer/warum-sind-hoertests-so-wichtig/index.html]
[www.hansaton.at/blog/hoeren-und-hoerverlust/weisses-rauschen/index.html]
[www.hansaton.at/blog/hoeren-und-hoerverlust/ohrdruck-ursachen-und-heilmittel/index.html]
[www.hansaton.at/blog/hoeren-und-hoerverlust/altersschwerhoerigkeit-presbyakusis/index.html]
[www.hansaton.at/hoerverlust-symptome-therapien/altersschwerhoerigkeit/index.html]
[www.hansaton.at/blog/hoeren-und-hoerverlust/das-ohr/index.html]
[www.hansaton.at/hoerverlust-symptome-therapien/schwerhoerigkeit-und-demenz/index.html]
[sonova-retail-media-prd.azureedge.net/media-new/ml/sonova.hansaton-at/bilder/abbildungen/mit-text-1/hoersinn-verstehen-was-hoert-der-mensch.jpg]
[www.hansaton.at/blog/hoeren-und-hoerverlust/mit-den-ohren-sehen/index.html]
[www.hansaton.at/wissenswertes-tipps/mit-den-ohren-sehen/index.html]
[sonova-retail-media-prd.azureedge.net/media-new/ml/sonova.hansaton-at/hansaton/01-hoeren-verstehen/02-hoerverlust/mann-googelt-hoersturz.jpg]
[sonova-retail-media-prd.azureedge.net/media-new/ml/sonova.hansaton-at/hansaton/maenner-beim-angeln-332x300.jpg]
[sonova-retail-media-prd.azureedge.net/media-new/ml/sonova.hansaton-at/hansaton/01-hoeren-verstehen/03-tinnitus/paar-im-gruenen.jpg]
[sonova-retail-media-prd.azureedge.net/media-new/ml/sonova.hansaton-at/hansaton/01-hoeren-verstehen/03-tinnitus/nachdenklicher-mann-mit-tinnitus-auf-bruecke.jpg]
[sonova-retail-media-prd.azureedge.net/media-new/ml/sonova.hansaton-at/bilder/einzelperson/ohne-hoergeraet-2/aeltere-frau-haelt-ihre-hand-ans-ohr-teaser.jpg]
[sonova-retail-media-prd.azureedge.net/media-new/ml/sonova.hansaton-at/hansaton/04-blog/01-hoeren-hoerverlust/folder-1/frau-arbeitet-an-laptop-332x300.jpg]
[www.hansaton.at/hoerverlust-symptome-therapien/schwerhoerigkeit-im-beruf/index.html]
[sonova-retail-media-prd.azureedge.net/media-new/ml/sonova.hansaton-at/hansaton/04-blog/01-hoeren-hoerverlust/folder-1/lachende-frau-mit-kaffeetasse-332x300.jpg]
[sonova-retail-media-prd.azureedge.net/media-new/ml/sonova.hansaton-at/hansaton/04-blog/01-hoeren-hoerverlust/folder-1/frau-mit-hoergeraet-am-ohr-332x300.jpg]
[sonova-retail-media-prd.azureedge.net/media-new/ml/sonova.hansaton-at/hansaton/04-blog/01-hoeren-hoerverlust/folder-2/verschiedene-ohren-332x300.jpg]
[sonova-retail-media-prd.azureedge.net/media-new/ml/sonova.hansaton-at/hansaton/04-blog/01-hoeren-hoerverlust/folder-1/frau-setzt-mann-kopfhoerer-auf-900x600.jpg]
[www.hansaton.at/hoerverlust-symptome-therapien/diplakusis-ursachen-behandlung/index.html]
[sonova-retail-media-prd.azureedge.net/media-new/ml/sonova.hansaton-at/hansaton/04-blog/01-hoeren-hoerverlust/folder-1/aeltere-frau-fluestert-mann-ins-ohr-332x300.jpg]
[sonova-retail-media-prd.azureedge.net/media-new/ml/sonova.hansaton-at/hansaton/04-blog/01-hoeren-hoerverlust/folder-1/innenansicht-des-ohrs-332x300.jpg]
[sonova-retail-media-prd.azureedge.net/media-new/ml/sonova.hansaton-at/hansaton/04-blog/01-hoeren-hoerverlust/folder-1/frau-wird-aufgeklaert-332x300.jpg]
[www.hansaton.at/hoerverlust-symptome-therapien/morbus-meniere/index.html]
[sonova-retail-media-prd.azureedge.net/media-new/ml/sonova.hansaton-at/hansaton/04-blog/01-hoeren-hoerverlust/folder-2/mann-bei-der-arbeit-332x300.jpg]
[www.hansaton.at/hoerverlust-symptome-therapien/vier-arten-gehoer-schuetzen/index.html]
[sonova-retail-media-prd.azureedge.net/media-new/ml/sonova.hansaton-at/bilder/einzelperson/ohne-hoergeraet-2/mann-haelt-hand-an-nacken.jpg]
[www.hansaton.at/hoerverlust-symptome-therapien/mastoiditis/index.html]
[sonova-retail-media-prd.azureedge.net/media-new/ml/sonova.hansaton-at/bilder/einzelperson/ohne-hoergeraet-2/junge-frau-haelt-sich-die-ohren-im-bett-zu.jpg]
[www.hansaton.at/hoerverlust-symptome-therapien/pulssynchroner-tinnitus/index.html]
[sonova-retail-media-prd.azureedge.net/media-new/ml/sonova.hansaton-at/bilder/gruppe/kind/familie-lacht-382.jpg]
[www.hansaton.at/hoerverlust-symptome-therapien/auditive-verarbeitungs-und-wahrnehmungsstoerung/index.html]
[sonova-retail-media-prd.azureedge.net/media-new/ml/sonova.hansaton-at/bilder/einzelperson/ohne-hoergeraet-3/frau-haelt-sich-ohren-zu.jpg]
[www.hansaton.at/hoerverlust-symptome-therapien/cholesteatom/index.html]
[sonova-retail-media-prd.azureedge.net/media-new/ml/sonova.hansaton-at/bilder/einzelperson/ohne-hoergeraet-3/frau-mit-kopfschmerzen-343.jpg]
[www.hansaton.at/ratgeber/hoerverlust-symptome-und-therapien/die-haeufigsten-symptome-fuer-ohrenentzuendungen/index.html]
[sonova-retail-media-prd.azureedge.net/media-new/ml/sonova.hansaton-at/bilder/zwei-personen/ohne-hoergeraet-draussen/junge-frau-fluestert-aeltere-frau-ins-ohr.jpg]
[www.hansaton.at/ratgeber/hoerverlust-symptome-und-therapien/ohrenbluten-aus-sicht-einer-audiologin/index.html]
[sonova-retail-media-prd.azureedge.net/media-new/ml/sonova.hansaton-at/bilder/einzelperson/ohne-hoergeraet-4/frau-liegt-im-bett-und-hat-schmerzen.jpg]
[www.hansaton.at/ratgeber/hoerverlust-symptome-und-therapien/geht-tinnitus-wieder-weg/index.html]
[sonova-retail-media-prd.azureedge.net/media-new/ml/sonova.hansaton-at/bilder/mood/musiknoten-in-farbe-382.jpg]
[www.hansaton.at/ratgeber/hoerverlust-symptome-und-therapien/synaesthesie-verstehen-hoeren-in-farbe/index.html]
[sonova-retail-media-prd.azureedge.net/media-new/ml/sonova.hansaton-at/bilder/einzelperson/ohne-hoergeraet-drinnen/frau-hat-schmerzen-im-ohr-343.jpg]
[www.hansaton.at/ratgeber/hoerverlust-symptome-und-therapien/ohren-und-kieferschmerzen-ursachen/index.html]
[sonova-retail-media-prd.azureedge.net/media-new/ml/sonova.hansaton-at/bilder/zwei-personen/ohne-hoergeraet-draussen/ehepaar-macht-sport-382.jpg]
[www.hansaton.at/ratgeber/hoerverlust-symptome-und-therapien/klingeln-im-ohr-7-lindernde-hausmittel/index.html]
[www.hansaton.at/hoeren-verstehen/hoerverlust/schwerhoerigkeit/index.html]
[www.hansaton.at/hoerverlust/schwerhoerigkeit/index.html]
[www.hansaton.at/tinnitus/ursachen-und-symptome/index.html]
[www.hansaton.at/hoerverlust/ursachen-hoerverlust/index.html]
[www.hansaton.at/das-richtige-hoergeraet/was-kann-ich-von-einem-hoergeraet-erwarten/index.html]
[www.hansaton.at/gehoerschutz-stoepsel/gehoerschutz/index.html]
[www.hansaton.at/wissenswertes-tipps/homeoffice-tipps/index.html]
[www.hansaton.at/ab-wann-hoergeraete/wie-funktioniert-das-gehoer]
[www.hansaton.at/hoergeraet-auswahl/hoerakustiker-finden]
[www.hansaton.at/hoerverlust-symptome-therapien]
[www.hansaton.at/erfahrungen-mit-einem-hoergeraet/index.html]
[www.hansaton.at/anmeldung-zum-hoertest/index.html]
[www.hansaton.at/blog/hoeren-und-hoerverlust/grade-des-hoerverlusts/index.html]
[www.hansaton.at/tipps-rund-ums-hoeren/brauche-ich-ein-hoergeraet/index.html]
[www.hansaton.at/erfahrungen-mit-einem-hoergeraet/reinigung-und-pflege/index.html]
[www.hansaton.at/blog/hoeren-und-hoerverlust/was-macht-ein-hno-arzt/index.html]
[www.hansaton.at/shop/index.html]
[www.hansaton.at/gehoerschutz/wie-laut-ist-zu-laut/index.html]
[www.hansaton.at/blog/hoeren-und-hoerverlust/index.html]
[www.hansaton.at/ratgeber/wissenswertes-und-tipps/ohren-unter-der-dusche-reinigen/was-sind-ohrkerzen]
[www.hansaton.at/hoerverlust-symptome-therapien/tinnitus-symptome-ursachen]
[www.hansaton.at/medizintechnik]
[cdnjs.cloudflare.com/ajax/libs/slick-carousel/1.8.1/ajax-loader.gif]
[cdnjs.cloudflare.com/ajax/libs/slick-carousel/1.8.1/fonts/slick.eot]
[cdnjs.cloudflare.com/ajax/libs/slick-carousel/1.8.1/fonts/slickd41d.eot]
[cdnjs.cloudflare.com/ajax/libs/slick-carousel/1.8.1/fonts/slick.woff]
[cdnjs.cloudflare.com/ajax/libs/slick-carousel/1.8.1/fonts/slick.ttf]
[cdnjs.cloudflare.com/ajax/libs/slick-carousel/1.8.1/fonts/slick.svg]
[sonova-retail-media-prd.azureedge.net/media-new/ml/sonova.hansaton-at/bilder/kampagnen/world-of-hearing/schnell-hoertest-header-flipped.jpg]
[sonova-retail-media-prd.azureedge.net/media-new/ml/sonova.hansaton-at/bilder/kampagnen/world-of-hearing/schnell-hoertest.jpg]
[sonova-retail-media-prd.azureedge.net/media-new/ml/sonova.hansaton-at/bilder/kampagnen/world-of-hearing/schnell-hoertest-ecke.jpg]
[sonova-retail-media-prd.azureedge.net/media-new/ml/sonova.hansaton-at/bilder/kampagnen/world-of-hearing/schnell-hoertest-frontal.jpg]
[sonova-retail-media-prd.azureedge.net/media-new/ml/sonova.hansaton-at/bilder/kampagnen/world-of-hearing/schnell-hoertest-tablet.jpg]
[sonova-retail-media-prd.azureedge.net/media-new/ml/sonova.hansaton-at/bilder/kampagnen/world-of-hearing/world-of-hearing-multimedias.jpg]
[sonova-retail-media-prd.azureedge.net/media-new/ml/sonova.hansaton-at/bilder/kampagnen/world-of-hearing/multimedia-eingang.jpg]
[sonova-retail-media-prd.azureedge.net/media-new/ml/sonova.hansaton-at/bilder/kampagnen/world-of-hearing/multimedia-beratung-touchtable.jpg]
[sonova-retail-media-prd.azureedge.net/media-new/ml/sonova.hansaton-at/bilder/kampagnen/world-of-hearing/multimedia-beratungssituation.jpg]
[sonova-retail-media-prd.azureedge.net/media-new/ml/sonova.hansaton-at/bilder/kampagnen/world-of-hearing/multimedia-hoergeraet.jpg]
[sonova-retail-media-prd.azureedge.net/media-new/ml/sonova.hansaton-at/bilder/kampagnen/world-of-hearing/multimedia-kopfhoerer.jpg]
[sonova-retail-media-prd.azureedge.net/media-new/ml/sonova.hansaton-at/bilder/kampagnen/world-of-hearing/multimedia-touchtable.jpg]
[sonova-retail-media-prd.azureedge.net/media-new/ml/sonova.hansaton-at/bilder/news/eroeffnung/eroeffnung-tulln.jpg]
[sonova-retail-media-prd.azureedge.net/media-new/ml/sonova.hansaton-at/bilder/news/eroeffnung/tulln-fachgeschaft.jpg]
[www.hansaton.at/terminvereinbarung-standorte/index8a45.html]
[sonova-retail-media-prd.azureedge.net/media-new/ml/sonova.hansaton-at/hansaton/startseite/siegel-testsieger-quer-zugeschnitten_1.jpg]
[sonova-retail-media-prd.azureedge.net/media-new/ml/sonova.hansaton-at/hansaton/news/eroeffnung-villach-2019_1.jpg]
[sonova-retail-media-prd.azureedge.net/media-new/ml/sonova.hansaton-at/hansaton/news/eroeffnung-hansaton_1.jpg]
[sonova-retail-media-prd.azureedge.net/media-new/ml/sonova.hansaton-at/hansaton/news/066_1.jpg]
[sonova-retail-media-prd.azureedge.net/media-new/ml/sonova.hansaton-at/hansaton/news/hansaton_eroffnung_schwechat_900x600.jpg]
[sonova-retail-media-prd.azureedge.net/media-new/ml/sonova.hansaton-at/hansaton/news/hansaton_eroffnung_9-bezirk_900x600_1.jpg]
[www.hansaton.at/aktuelle-meldungen/innsbrucker-symposium/index.html]
[c_/Users/340nblaschke/OneDrive - Sonova/2018-11-12 16_40_28-Flyer_Kurs_fuer_Gleichgewichtsdiagnostik_Funktionsabteilung_Neurootologie.pdf.png]
[sonova-retail-media-prd.azureedge.net/media-new/ml/sonova.hansaton-at/hansaton/news/wellnessgala-jpg__200x100_q85_crop_subsampling-2.jpg]
[sonova-retail-media-prd.azureedge.net/media-new/ml/sonova.hansaton-at/hansaton/brochure images/einklang-magazin-cover_1.jpg]
[www.hansaton.at/getattachment/5dde4cbd-57a1-49de-8543-99226b163004/brochure.aspx]
[sonova-retail-media-prd.azureedge.net/media-new/ml/sonova.hansaton-at/bilder/symbole/reddot-award.jpg]
[www.hansaton.at/hoergeraete/phonak-virto-m-30-10/index.html]
[sonova-retail-media-prd.azureedge.net/media-new/ml/sonova.hansaton-at/bilder/symbole/ces_winner.jpg]
[sonova-retail-media-prd.azureedge.net/media-new/ml/sonova.hansaton-at/bilder/abbildungen/mit-text/beschreibung-eines-hdo-hoergeraetes.jpg]
[www.hansaton.at/hoergeraete/phonak-bolero-m-30/index.html]
[sonova-retail-media-prd.azureedge.net/media-new/ml/sonova.hansaton-at/bilder/produkte/hoergeraet-hdo/bolero-matrix.jpg]
[www.hansaton.at/hoergeraete/phonak-bolero-m-50/index.html]
[sonova-retail-media-prd.azureedge.net/media-new/ml/sonova.hansaton-at/bilder/produkte/hoergeraet-hdo/bolero-matrix-silber.jpg]
[www.hansaton.at/hoergeraete/phonak-bolero-m-70/index.html]
[sonova-retail-media-prd.azureedge.net/media-new/ml/sonova.hansaton-at/bilder/produkte/hoergeraet-hdo/bolero-matrix-gold.jpg]
[www.hansaton.at/hoergeraete/phonak-bolero-m-90/index.html]
[www.hansaton.at/hoergeraete/phonak-naida-p-30/index.html]
[sonova-retail-media-prd.azureedge.net/media-new/ml/sonova.hansaton-at/bilder/produkte/hoergeraet-hdo/naida-m-30.jpeg]
[www.hansaton.at/hoergeraete/phonak-naida-p-50/index.html]
[sonova-retail-media-prd.azureedge.net/media-new/ml/sonova.hansaton-at/bilder/produkte/hoergeraet-hdo/naida-m90.jpg]
[www.hansaton.at/hoergeraete/phonak-naida-p-70/index.html]
[sonova-retail-media-prd.azureedge.net/media-new/ml/sonova.hansaton-at/bilder/produkte/hoergeraet-hdo/naida-m70.jpg]
[www.hansaton.at/hoergeraete/phonak-naida-p-90/index.html]
[www.hansaton.at/hoergeraete/phonak-vitus/index.html]
[sonova-retail-media-prd.azureedge.net/media-new/ml/sonova.hansaton-at/bilder/produkte/hoergeraet-hdo/vitus-hdo_1.jpg]
[www.hansaton.at/hoergeraete/phonak-vitus-plus/index.html]
[sonova-retail-media-prd.azureedge.net/media-new/ml/sonova.hansaton-at/bilder/produkte/hoergeraet-hdo/vitus-hdo.jpg]
[www.hansaton.at/SonovaIframe/geers.de/Trageformuebersicht/museconfig.js]
[www.hansaton.at/SonovaIframe/geers.de/Trageformuebersicht/jquery.watch.js]
[www.hansaton.at/SonovaIframe/geers.de/Trageformuebersicht/jquery.museresponsive.js]
[www.hansaton.at/SonovaIframe/geers.de/Trageformuebersicht/require.js]
[www.hansaton.at/SonovaIframe/geers.de/Trageformuebersicht/css/site_global3ce5.css]
[www.hansaton.at/SonovaIframe/geers.de/Trageformuebersicht/css/master_hdo-h2572.css]
[www.hansaton.at/SonovaIframe/geers.de/Trageformuebersicht/css/index6f74.css]
[www.hansaton.at/SonovaIframe/geers.de/Trageformuebersicht/assets/360icon4.png]
[www.hansaton.at/SonovaIframe/geers.de/Trageformuebersicht/index-2.html]
[www.hansaton.at/SonovaIframe/geers.de/Trageformuebersicht/images/blank3e08.gif]
[www.hansaton.at/SonovaIframe/geers.de/Trageformuebersicht/iic-h.html]
[www.hansaton.at/SonovaIframe/geers.de/Trageformuebersicht/minih.html]
[www.hansaton.at/SonovaIframe/geers.de/Trageformuebersicht/standardh.html]
[www.hansaton.at/SonovaIframe/geers.de/Trageformuebersicht/powerh.html]
[www.hansaton.at/SonovaIframe/geers.de/Trageformuebersicht/modelle/modell-RicH/index.html]
[www.hansaton.at/SonovaIframe/geers.de/Trageformuebersicht/assets/RIC-kl01.png]
[www.hansaton.at/SonovaIframe/geers.de/Trageformuebersicht/ricr.html]
[www.hansaton.at/SonovaIframe/geers.de/Trageformuebersicht/jquery-1.8.3.min.js]
[www.hansaton.at/SonovaIframe/geers.de/Trageformuebersicht/scripts/requireb703.js]
[www.hansaton.at/getmedia/93a1c905-7f98-4656-9d03-e4c3533de91a/verstehen-in-der-natur708c.aspx]
[www.hansaton.at/getmedia/6ee20738-dd9f-49f0-900e-b265318c816e/unterhaltung-in-ruhiger-umgebung708c.aspx]
[www.hansaton.at/getmedia/d7edcc63-ae43-4adc-8005-810a90cc0f54/basisklasse.aspx]
[www.hansaton.at/getmedia/1068d493-de66-4567-911b-d5e6495e123e/hg_basisklasse4b8f.aspx]
[sonova-retail-media-prd.azureedge.net/media-new/ml/sonova.hansaton-at/hansaton/01_products/hoergeraete/kosten/icons/legende.png]
[www.hansaton.at/hoergeraete-preise/standard/universalklasse/index.html]
[www.hansaton.at/hoergeraete-preise/standard/mittelklasse/index.html]
[sonova-retail-media-prd.azureedge.net/media-new/ml/sonova.hansaton-at/bilder/kunden/martin/martin-spaziert.jpg]
[sonova-retail-media-prd.azureedge.net/media-new/ml/sonova.hansaton-at/bilder/kunden/martin/martin-in-der-arbeit.jpg]
[sonova-retail-media-prd.azureedge.net/media-new/ml/sonova.hansaton-at/bilder/einzelperson/ohne-hoergeraet-draussen/fritz-sendlhofer-frontal-youtube-video.jpg]
[sonova-retail-media-prd.azureedge.net/media-new/ml/sonova.hansaton-at/bilder/produkte/hoergeraete-382.jpg]
[sonova-retail-media-prd.azureedge.net/media-new/ml/sonova.hansaton-at/bilder/abbildungen/mit-text/ablauf-eines-hoertests.jpg]
[www.hansaton.at/produkte/gehoerschutz/faq-gehoerschutz/index.html]
[sonova-retail-media-prd.azureedge.net/media-new/ml/sonova.geers-de/Geers/Infothek/Alle-Artikel_1.jpg]
[sonova-retail-media-prd.azureedge.net/media-new/ml/sonova.hansaton-at/hansaton/02-produkte/02-gehoerschutz/gehoerschutz-paar-zug.jpg]
[sonova-retail-media-prd.azureedge.net/media-new/ml/sonova.hansaton-at/bilder/produkte/hoergeraet-hdo/audionova-d30.jpg]
[sonova-retail-media-prd.azureedge.net/media-new/ml/sonova.hansaton-at/bilder/mood/menschen-auf-einem-konzert.jpg]
[www.hansaton.at/blog/gehoerschutz/lautstaerke-und-dezibel/index.html]
[sonova-retail-media-prd.azureedge.net/media-new/ml/sonova.hansaton-at/bilder/einzelperson/ohne-hoergeraet-1/mann-beim-hecke-schneiden-382.jpg]
[sonova-retail-media-prd.azureedge.net/media-new/ml/sonova.hansaton-at/bilder/einzelperson/technologie/frau-arbeitet-mit-laptop.jpg]
[www.hansaton.at/cms/getdoc/cfad76c3-cf97-4bca-8182-526ba3f54ed9/laerm-gefaehrlichbbf6.aspx]
[sonova-retail-media-prd.azureedge.net/media-new/ml/sonova.hansaton-at/bilder/produkte/gehoerschutz/fidelity-shooter.jpg]
[sonova-retail-media-prd.azureedge.net/media-new/ml/sonova.hansaton-at/bilder/produkte/gehoerschutz/elacin-rc.jpg]
[sonova-retail-media-prd.azureedge.net/media-new/ml/sonova.hansaton-at/bilder/produkte/gehoerschutz/epro-xa.jpg]
[sonova-retail-media-prd.azureedge.net/media-new/ml/sonova.hansaton-at/bilder/produkte/gehoerschutz/epro-stop-a.jpg]
[sonova-retail-media-prd.azureedge.net/media-new/ml/sonova.hansaton-at/bilder/produkte/gehoerschutz/fidelity.jpg]
[sonova-retail-media-prd.azureedge.net/media-new/ml/sonova.hansaton-at/bilder/produkte/gehoerschutz/epro-stop-s.jpg]
[sonova-retail-media-prd.azureedge.net/media-new/ml/sonova.hansaton-at/bilder/produkte/gehoerschutz/elacin-er.jpg]
[sonova-retail-media-prd.azureedge.net/media-new/ml/sonova.hansaton-at/bilder/produkte/gehoerschutz/epro-xs.jpg]
[sonova-retail-media-prd.azureedge.net/media-new/ml/sonova.hansaton-at/bilder/produkte/gehoerschutz/schlafgut.jpg]
[sonova-retail-media-prd.azureedge.net/media-new/ml/sonova.hansaton-at/bilder/produkte/gehoerschutz/sleep.jpg]
[www.hansaton.at/gehoerschutz/musik-konzerte]
[www.hansaton.at/individuell-angepasster-gehoerschutz]
[sonova-retail-media-prd.azureedge.net/media-new/ml/sonova.hansaton-at/bilder/produkte/gehoerschutz/wasserschutz.jpg]
[sonova-retail-media-prd.azureedge.net/media-new/ml/sonova.hansaton-at/bilder/produkte/gehoerschutz/splash.jpg]
[sonova-retail-media-prd.azureedge.net/media-new/ml/sonova.hansaton-at/bilder/produkte/gehoerschutz/elacin-ch.jpg]
